[debug] [2020-09-10T20:33:08.951Z] ----------------------------------------------------------------------
[debug] [2020-09-10T20:33:08.956Z] Command:       C:\Program Files\nodejs\node.exe C:\Users\chand\AppData\Roaming\npm\node_modules\firebase-tools\lib\bin\firebase.js emulators:start
[debug] [2020-09-10T20:33:08.956Z] CLI Version:   8.10.0
[debug] [2020-09-10T20:33:08.956Z] Platform:      win32
[debug] [2020-09-10T20:33:08.956Z] Node Version:  v12.18.3
[debug] [2020-09-10T20:33:08.959Z] Time:          Fri Sep 11 2020 02:18:08 GMT+0545 (Nepal Time)
[debug] [2020-09-10T20:33:08.960Z] ----------------------------------------------------------------------
[debug] [2020-09-10T20:33:08.961Z] 
[debug] [2020-09-10T20:33:09.011Z] > command requires scopes: ["email","openid","https://www.googleapis.com/auth/cloudplatformprojects.readonly","https://www.googleapis.com/auth/firebase","https://www.googleapis.com/auth/cloud-platform"]
[debug] [2020-09-10T20:33:09.013Z] > authorizing via signed-in user
[info] i  emulators: Starting emulators: functions, hosting {"metadata":{"emulator":{"name":"hub"},"message":"Starting emulators: functions, hosting"}}
[debug] [2020-09-10T20:33:11.068Z] [hub] writing locator at C:\Users\chand\AppData\Local\Temp\hub-clone-5153f.json
[warn] !  functions: The following emulators are not running, calls to these services from the Functions emulator will affect production: firestore, database, pubsub {"metadata":{"emulator":{"name":"functions"},"message":"The following emulators are not running, calls to these services from the Functions emulator will affect production: \u001b[1mfirestore, database, pubsub\u001b[22m"}}
[warn] !  Your requested "node" version "10" doesn't match your global version "12" {"metadata":{"emulator":{"name":"functions"},"message":"Your requested \"node\" version \"10\" doesn't match your global version \"12\""}}
[debug] [2020-09-10T20:33:13.167Z] defaultcredentials: writing to file C:\Users\chand\AppData\Roaming\firebase\chand_dipendra19_gmail.com_application_default_credentials.json
[debug] [2020-09-10T20:33:13.173Z] Setting GAC to C:\Users\chand\AppData\Roaming\firebase\chand_dipendra19_gmail.com_application_default_credentials.json {"metadata":{"emulator":{"name":"functions"},"message":"Setting GAC to C:\\Users\\chand\\AppData\\Roaming\\firebase\\chand_dipendra19_gmail.com_application_default_credentials.json"}}
[debug] [2020-09-10T20:33:15.199Z] >>> HTTP REQUEST GET https://firebase.googleapis.com/v1beta1/projects/clone-5153f/webApps/-/config  
 
[debug] [2020-09-10T20:33:17.398Z] <<< HTTP RESPONSE 200 {"content-type":"application/json; charset=UTF-8","vary":"X-Origin, Referer, Origin,Accept-Encoding","date":"Thu, 10 Sep 2020 20:33:16 GMT","server":"ESF","cache-control":"private","x-xss-protection":"0","x-frame-options":"SAMEORIGIN","x-content-type-options":"nosniff","alt-svc":"h3-29=\":443\"; ma=2592000,h3-27=\":443\"; ma=2592000,h3-T051=\":443\"; ma=2592000,h3-T050=\":443\"; ma=2592000,h3-Q050=\":443\"; ma=2592000,h3-Q046=\":443\"; ma=2592000,h3-Q043=\":443\"; ma=2592000,quic=\":443\"; ma=2592000; v=\"46,43\"","accept-ranges":"none","transfer-encoding":"chunked"}
[info] i  hosting: Serving hosting files from: build {"metadata":{"emulator":{"name":"hosting"},"message":"Serving hosting files from: \u001b[1mbuild\u001b[22m"}}
[info] +  hosting: Local server: http://localhost:5000 {"metadata":{"emulator":{"name":"hosting"},"message":"Local server: \u001b[4m\u001b[1mhttp://localhost:5000\u001b[22m\u001b[24m"}}
[info] i  ui: downloading ui-v1.1.1.zip... {"metadata":{"emulator":{"name":"ui"},"message":"downloading ui-v1.1.1.zip..."}}
[debug] [2020-09-10T20:33:23.303Z] Ignoring unsupported arg: auto_download {"metadata":{"emulator":{"name":"ui"},"message":"Ignoring unsupported arg: auto_download"}}
[debug] [2020-09-10T20:33:23.303Z] Ignoring unsupported arg: port {"metadata":{"emulator":{"name":"ui"},"message":"Ignoring unsupported arg: port"}}
[debug] [2020-09-10T20:33:23.304Z] Starting Emulator UI with command {"binary":"node","args":["C:\\Users\\chand\\.cache\\firebase\\emulators\\ui-v1.1.1\\server.bundle.js"],"optionalArgs":[],"joinArgs":false} {"metadata":{"emulator":{"name":"ui"},"message":"Starting Emulator UI with command {\"binary\":\"node\",\"args\":[\"C:\\\\Users\\\\chand\\\\.cache\\\\firebase\\\\emulators\\\\ui-v1.1.1\\\\server.bundle.js\"],\"optionalArgs\":[],\"joinArgs\":false}"}}
[info] i  ui: Emulator UI logging to ui-debug.log {"metadata":{"emulator":{"name":"ui"},"message":"Emulator UI logging to \u001b[1mui-debug.log\u001b[22m"}}
[debug] [2020-09-10T20:33:23.642Z] Web / API server started at http://localhost:4000
 {"metadata":{"emulator":{"name":"ui"},"message":"Web / API server started at http://localhost:4000\n"}}
[info] i  functions: Watching "E:\Projects\react\amazon-clone\functions" for Cloud Functions... {"metadata":{"emulator":{"name":"functions"},"message":"Watching \"E:\\Projects\\react\\amazon-clone\\functions\" for Cloud Functions..."}}
[debug] [2020-09-10T20:33:24.134Z] [worker-pool] addWorker(~diagnostic~) {"metadata":{"emulator":{"name":"functions"},"message":"[worker-pool] addWorker(~diagnostic~)"}}
[debug] [2020-09-10T20:33:24.135Z] [worker-pool] Adding worker with key ~diagnostic~, total=1 {"metadata":{"emulator":{"name":"functions"},"message":"[worker-pool] Adding worker with key ~diagnostic~, total=1"}}
[debug] [2020-09-10T20:33:24.135Z] [worker-pool] submitWork(triggerId=) {"metadata":{"emulator":{"name":"functions"},"message":"[worker-pool] submitWork(triggerId=)"}}
[debug] [2020-09-10T20:33:24.136Z] [worker-~diagnostic~-c2782184-b18c-468b-9302-2a405fe6f986]: Assigning socketPath: \\?\pipe\E:\Projects\react\amazon-clone\functions\3560 {"metadata":{"emulator":{"name":"functions"},"message":"[worker-~diagnostic~-c2782184-b18c-468b-9302-2a405fe6f986]: Assigning socketPath: \\\\?\\pipe\\E:\\Projects\\react\\amazon-clone\\functions\\3560"}}
[debug] [2020-09-10T20:33:24.137Z] [worker-~diagnostic~-c2782184-b18c-468b-9302-2a405fe6f986]: BUSY {"metadata":{"emulator":{"name":"functions"},"message":"[worker-~diagnostic~-c2782184-b18c-468b-9302-2a405fe6f986]: BUSY"}}
[debug] [2020-09-10T20:33:25.282Z] [runtime-status] [3560] Functions runtime initialized. {"cwd":"E:\\Projects\\react\\amazon-clone\\functions","node_version":"12.18.3"} {"metadata":{"emulator":{"name":"functions"},"message":"[runtime-status] [3560] Functions runtime initialized. {\"cwd\":\"E:\\\\Projects\\\\react\\\\amazon-clone\\\\functions\",\"node_version\":\"12.18.3\"}"}}
[debug] [2020-09-10T20:33:25.296Z] [runtime-status] [3560] Disabled runtime features: undefined {"metadata":{"emulator":{"name":"functions"},"message":"[runtime-status] [3560] Disabled runtime features: undefined"}}
[debug] [2020-09-10T20:33:25.332Z] [runtime-status] [3560] Resolved module firebase-admin {"declared":true,"installed":true,"version":"8.13.0","resolution":"E:\\Projects\\react\\amazon-clone\\functions\\node_modules\\firebase-admin\\lib\\index.js"} {"metadata":{"emulator":{"name":"functions"},"message":"[runtime-status] [3560] Resolved module firebase-admin {\"declared\":true,\"installed\":true,\"version\":\"8.13.0\",\"resolution\":\"E:\\\\Projects\\\\react\\\\amazon-clone\\\\functions\\\\node_modules\\\\firebase-admin\\\\lib\\\\index.js\"}"}}
[debug] [2020-09-10T20:33:25.381Z] [runtime-status] [3560] Resolved module firebase-functions {"declared":true,"installed":true,"version":"3.11.0","resolution":"E:\\Projects\\react\\amazon-clone\\functions\\node_modules\\firebase-functions\\lib\\index.js"} {"metadata":{"emulator":{"name":"functions"},"message":"[runtime-status] [3560] Resolved module firebase-functions {\"declared\":true,\"installed\":true,\"version\":\"3.11.0\",\"resolution\":\"E:\\\\Projects\\\\react\\\\amazon-clone\\\\functions\\\\node_modules\\\\firebase-functions\\\\lib\\\\index.js\"}"}}
[debug] [2020-09-10T20:33:25.384Z] [runtime-status] [3560] Resolved module firebase-functions {"declared":true,"installed":true,"version":"3.11.0","resolution":"E:\\Projects\\react\\amazon-clone\\functions\\node_modules\\firebase-functions\\lib\\index.js"} {"metadata":{"emulator":{"name":"functions"},"message":"[runtime-status] [3560] Resolved module firebase-functions {\"declared\":true,\"installed\":true,\"version\":\"3.11.0\",\"resolution\":\"E:\\\\Projects\\\\react\\\\amazon-clone\\\\functions\\\\node_modules\\\\firebase-functions\\\\lib\\\\index.js\"}"}}
[debug] [2020-09-10T20:33:25.390Z] [runtime-status] [3560] Outgoing network have been stubbed. [{"name":"http","status":"mocked"},{"name":"http","status":"mocked"},{"name":"https","status":"mocked"},{"name":"https","status":"mocked"},{"name":"net","status":"mocked"}] {"metadata":{"emulator":{"name":"functions"},"message":"[runtime-status] [3560] Outgoing network have been stubbed. [{\"name\":\"http\",\"status\":\"mocked\"},{\"name\":\"http\",\"status\":\"mocked\"},{\"name\":\"https\",\"status\":\"mocked\"},{\"name\":\"https\",\"status\":\"mocked\"},{\"name\":\"net\",\"status\":\"mocked\"}]"}}
[debug] [2020-09-10T20:33:25.392Z] [runtime-status] [3560] Resolved module firebase-functions {"declared":true,"installed":true,"version":"3.11.0","resolution":"E:\\Projects\\react\\amazon-clone\\functions\\node_modules\\firebase-functions\\lib\\index.js"} {"metadata":{"emulator":{"name":"functions"},"message":"[runtime-status] [3560] Resolved module firebase-functions {\"declared\":true,\"installed\":true,\"version\":\"3.11.0\",\"resolution\":\"E:\\\\Projects\\\\react\\\\amazon-clone\\\\functions\\\\node_modules\\\\firebase-functions\\\\lib\\\\index.js\"}"}}
[debug] [2020-09-10T20:33:27.819Z] [runtime-status] [3560] Checked functions.config() {"config":{}} {"metadata":{"emulator":{"name":"functions"},"message":"[runtime-status] [3560] Checked functions.config() {\"config\":{}}"}}
[debug] [2020-09-10T20:33:27.820Z] [runtime-status] [3560] firebase-functions has been stubbed. {"functionsResolution":{"declared":true,"installed":true,"version":"3.11.0","resolution":"E:\\Projects\\react\\amazon-clone\\functions\\node_modules\\firebase-functions\\lib\\index.js"}} {"metadata":{"emulator":{"name":"functions"},"message":"[runtime-status] [3560] firebase-functions has been stubbed. {\"functionsResolution\":{\"declared\":true,\"installed\":true,\"version\":\"3.11.0\",\"resolution\":\"E:\\\\Projects\\\\react\\\\amazon-clone\\\\functions\\\\node_modules\\\\firebase-functions\\\\lib\\\\index.js\"}}"}}
[debug] [2020-09-10T20:33:27.823Z] [runtime-status] [3560] Resolved module firebase-functions {"declared":true,"installed":true,"version":"3.11.0","resolution":"E:\\Projects\\react\\amazon-clone\\functions\\node_modules\\firebase-functions\\lib\\index.js"} {"metadata":{"emulator":{"name":"functions"},"message":"[runtime-status] [3560] Resolved module firebase-functions {\"declared\":true,\"installed\":true,\"version\":\"3.11.0\",\"resolution\":\"E:\\\\Projects\\\\react\\\\amazon-clone\\\\functions\\\\node_modules\\\\firebase-functions\\\\lib\\\\index.js\"}"}}
[debug] [2020-09-10T20:33:27.828Z] [runtime-status] [3560] Resolved module firebase-admin {"declared":true,"installed":true,"version":"8.13.0","resolution":"E:\\Projects\\react\\amazon-clone\\functions\\node_modules\\firebase-admin\\lib\\index.js"} {"metadata":{"emulator":{"name":"functions"},"message":"[runtime-status] [3560] Resolved module firebase-admin {\"declared\":true,\"installed\":true,\"version\":\"8.13.0\",\"resolution\":\"E:\\\\Projects\\\\react\\\\amazon-clone\\\\functions\\\\node_modules\\\\firebase-admin\\\\lib\\\\index.js\"}"}}
[debug] [2020-09-10T20:33:27.829Z] [runtime-status] [3560] Resolved module firebase-functions {"declared":true,"installed":true,"version":"3.11.0","resolution":"E:\\Projects\\react\\amazon-clone\\functions\\node_modules\\firebase-functions\\lib\\index.js"} {"metadata":{"emulator":{"name":"functions"},"message":"[runtime-status] [3560] Resolved module firebase-functions {\"declared\":true,\"installed\":true,\"version\":\"3.11.0\",\"resolution\":\"E:\\\\Projects\\\\react\\\\amazon-clone\\\\functions\\\\node_modules\\\\firebase-functions\\\\lib\\\\index.js\"}"}}
[debug] [2020-09-10T20:33:27.830Z] [runtime-status] [3560] firebase-admin has been stubbed. {"adminResolution":{"declared":true,"installed":true,"version":"8.13.0","resolution":"E:\\Projects\\react\\amazon-clone\\functions\\node_modules\\firebase-admin\\lib\\index.js"}} {"metadata":{"emulator":{"name":"functions"},"message":"[runtime-status] [3560] firebase-admin has been stubbed. {\"adminResolution\":{\"declared\":true,\"installed\":true,\"version\":\"8.13.0\",\"resolution\":\"E:\\\\Projects\\\\react\\\\amazon-clone\\\\functions\\\\node_modules\\\\firebase-admin\\\\lib\\\\index.js\"}}"}}
[info] +  functions[api]: http function initialized (http://localhost:5001/clone-5153f/us-central1/api). {"metadata":{"emulator":{"name":"functions"},"message":"\u001b[1mhttp\u001b[22m function initialized (http://localhost:5001/clone-5153f/us-central1/api)."}}
[info] 
┌───────────────────────────────────────────────────────────────────────┐
│ ✔  All emulators ready! View status and logs at http://localhost:4000 │
└───────────────────────────────────────────────────────────────────────┘

┌───────────┬────────────────┬─────────────────────────────────┐
│ Emulator  │ Host:Port      │ View in Emulator UI             │
├───────────┼────────────────┼─────────────────────────────────┤
│ Functions │ localhost:5001 │ http://localhost:4000/functions │
├───────────┼────────────────┼─────────────────────────────────┤
│ Hosting   │ localhost:5000 │ n/a                             │
└───────────┴────────────────┴─────────────────────────────────┘
  Other reserved ports: 4400, 4500

Issues? Report them at https://github.com/firebase/firebase-tools/issues and attach the *-debug.log files.
 
[debug] [2020-09-10T20:33:33.193Z] [worker-~diagnostic~-c2782184-b18c-468b-9302-2a405fe6f986]: IDLE {"metadata":{"emulator":{"name":"functions"},"message":"[worker-~diagnostic~-c2782184-b18c-468b-9302-2a405fe6f986]: IDLE"}}
[debug] [2020-09-10T20:34:56.899Z] [work-queue] {"queueLength":1,"workRunningCount":0}
[debug] [2020-09-10T20:34:56.900Z] [work-queue] {"queueLength":0,"workRunningCount":1}
[debug] [2020-09-10T20:34:56.902Z] Accepted request GET /clone-5153f/us-central1/api --> api
[debug] [2020-09-10T20:34:56.914Z] [worker-pool] addWorker(api) {"metadata":{"emulator":{"name":"functions"},"message":"[worker-pool] addWorker(api)"}}
[debug] [2020-09-10T20:34:56.915Z] [worker-pool] Adding worker with key api, total=1 {"metadata":{"emulator":{"name":"functions"},"message":"[worker-pool] Adding worker with key api, total=1"}}
[debug] [2020-09-10T20:34:56.915Z] [worker-pool] submitWork(triggerId=api) {"metadata":{"emulator":{"name":"functions"},"message":"[worker-pool] submitWork(triggerId=api)"}}
[debug] [2020-09-10T20:34:56.915Z] [worker-api-9c9bddc2-11e7-4d47-9224-64b3722cb724]: Assigning socketPath: \\?\pipe\E:\Projects\react\amazon-clone\functions\12616 {"metadata":{"emulator":{"name":"functions"},"message":"[worker-api-9c9bddc2-11e7-4d47-9224-64b3722cb724]: Assigning socketPath: \\\\?\\pipe\\E:\\Projects\\react\\amazon-clone\\functions\\12616"}}
[debug] [2020-09-10T20:34:56.916Z] [worker-api-9c9bddc2-11e7-4d47-9224-64b3722cb724]: BUSY {"metadata":{"emulator":{"name":"functions"},"message":"[worker-api-9c9bddc2-11e7-4d47-9224-64b3722cb724]: BUSY"}}
[debug] [2020-09-10T20:34:59.733Z] [runtime-status] [12616] Functions runtime initialized. {"cwd":"E:\\Projects\\react\\amazon-clone\\functions","node_version":"12.18.3"} {"metadata":{"emulator":{"name":"functions"},"function":{"name":"api"},"message":"[runtime-status] [12616] Functions runtime initialized. {\"cwd\":\"E:\\\\Projects\\\\react\\\\amazon-clone\\\\functions\",\"node_version\":\"12.18.3\"}"}}
[debug] [2020-09-10T20:34:59.769Z] [runtime-status] [12616] Disabled runtime features: undefined {"metadata":{"emulator":{"name":"functions"},"function":{"name":"api"},"message":"[runtime-status] [12616] Disabled runtime features: undefined"}}
[debug] [2020-09-10T20:34:59.835Z] [runtime-status] [12616] Resolved module firebase-admin {"declared":true,"installed":true,"version":"8.13.0","resolution":"E:\\Projects\\react\\amazon-clone\\functions\\node_modules\\firebase-admin\\lib\\index.js"} {"metadata":{"emulator":{"name":"functions"},"function":{"name":"api"},"message":"[runtime-status] [12616] Resolved module firebase-admin {\"declared\":true,\"installed\":true,\"version\":\"8.13.0\",\"resolution\":\"E:\\\\Projects\\\\react\\\\amazon-clone\\\\functions\\\\node_modules\\\\firebase-admin\\\\lib\\\\index.js\"}"}}
[debug] [2020-09-10T20:34:59.851Z] [runtime-status] [12616] Resolved module firebase-functions {"declared":true,"installed":true,"version":"3.11.0","resolution":"E:\\Projects\\react\\amazon-clone\\functions\\node_modules\\firebase-functions\\lib\\index.js"} {"metadata":{"emulator":{"name":"functions"},"function":{"name":"api"},"message":"[runtime-status] [12616] Resolved module firebase-functions {\"declared\":true,\"installed\":true,\"version\":\"3.11.0\",\"resolution\":\"E:\\\\Projects\\\\react\\\\amazon-clone\\\\functions\\\\node_modules\\\\firebase-functions\\\\lib\\\\index.js\"}"}}
[debug] [2020-09-10T20:34:59.854Z] [runtime-status] [12616] Resolved module firebase-functions {"declared":true,"installed":true,"version":"3.11.0","resolution":"E:\\Projects\\react\\amazon-clone\\functions\\node_modules\\firebase-functions\\lib\\index.js"} {"metadata":{"emulator":{"name":"functions"},"function":{"name":"api"},"message":"[runtime-status] [12616] Resolved module firebase-functions {\"declared\":true,\"installed\":true,\"version\":\"3.11.0\",\"resolution\":\"E:\\\\Projects\\\\react\\\\amazon-clone\\\\functions\\\\node_modules\\\\firebase-functions\\\\lib\\\\index.js\"}"}}
[debug] [2020-09-10T20:34:59.860Z] [runtime-status] [12616] Outgoing network have been stubbed. [{"name":"http","status":"mocked"},{"name":"http","status":"mocked"},{"name":"https","status":"mocked"},{"name":"https","status":"mocked"},{"name":"net","status":"mocked"}] {"metadata":{"emulator":{"name":"functions"},"function":{"name":"api"},"message":"[runtime-status] [12616] Outgoing network have been stubbed. [{\"name\":\"http\",\"status\":\"mocked\"},{\"name\":\"http\",\"status\":\"mocked\"},{\"name\":\"https\",\"status\":\"mocked\"},{\"name\":\"https\",\"status\":\"mocked\"},{\"name\":\"net\",\"status\":\"mocked\"}]"}}
[debug] [2020-09-10T20:34:59.862Z] [runtime-status] [12616] Resolved module firebase-functions {"declared":true,"installed":true,"version":"3.11.0","resolution":"E:\\Projects\\react\\amazon-clone\\functions\\node_modules\\firebase-functions\\lib\\index.js"} {"metadata":{"emulator":{"name":"functions"},"function":{"name":"api"},"message":"[runtime-status] [12616] Resolved module firebase-functions {\"declared\":true,\"installed\":true,\"version\":\"3.11.0\",\"resolution\":\"E:\\\\Projects\\\\react\\\\amazon-clone\\\\functions\\\\node_modules\\\\firebase-functions\\\\lib\\\\index.js\"}"}}
[debug] [2020-09-10T20:35:00.147Z] [runtime-status] [12616] Checked functions.config() {"config":{}} {"metadata":{"emulator":{"name":"functions"},"function":{"name":"api"},"message":"[runtime-status] [12616] Checked functions.config() {\"config\":{}}"}}
[debug] [2020-09-10T20:35:00.148Z] [runtime-status] [12616] firebase-functions has been stubbed. {"functionsResolution":{"declared":true,"installed":true,"version":"3.11.0","resolution":"E:\\Projects\\react\\amazon-clone\\functions\\node_modules\\firebase-functions\\lib\\index.js"}} {"metadata":{"emulator":{"name":"functions"},"function":{"name":"api"},"message":"[runtime-status] [12616] firebase-functions has been stubbed. {\"functionsResolution\":{\"declared\":true,\"installed\":true,\"version\":\"3.11.0\",\"resolution\":\"E:\\\\Projects\\\\react\\\\amazon-clone\\\\functions\\\\node_modules\\\\firebase-functions\\\\lib\\\\index.js\"}}"}}
[debug] [2020-09-10T20:35:00.150Z] [runtime-status] [12616] Resolved module firebase-functions {"declared":true,"installed":true,"version":"3.11.0","resolution":"E:\\Projects\\react\\amazon-clone\\functions\\node_modules\\firebase-functions\\lib\\index.js"} {"metadata":{"emulator":{"name":"functions"},"function":{"name":"api"},"message":"[runtime-status] [12616] Resolved module firebase-functions {\"declared\":true,\"installed\":true,\"version\":\"3.11.0\",\"resolution\":\"E:\\\\Projects\\\\react\\\\amazon-clone\\\\functions\\\\node_modules\\\\firebase-functions\\\\lib\\\\index.js\"}"}}
[debug] [2020-09-10T20:35:00.153Z] [runtime-status] [12616] Resolved module firebase-admin {"declared":true,"installed":true,"version":"8.13.0","resolution":"E:\\Projects\\react\\amazon-clone\\functions\\node_modules\\firebase-admin\\lib\\index.js"} {"metadata":{"emulator":{"name":"functions"},"function":{"name":"api"},"message":"[runtime-status] [12616] Resolved module firebase-admin {\"declared\":true,\"installed\":true,\"version\":\"8.13.0\",\"resolution\":\"E:\\\\Projects\\\\react\\\\amazon-clone\\\\functions\\\\node_modules\\\\firebase-admin\\\\lib\\\\index.js\"}"}}
[debug] [2020-09-10T20:35:00.157Z] [runtime-status] [12616] Resolved module firebase-functions {"declared":true,"installed":true,"version":"3.11.0","resolution":"E:\\Projects\\react\\amazon-clone\\functions\\node_modules\\firebase-functions\\lib\\index.js"} {"metadata":{"emulator":{"name":"functions"},"function":{"name":"api"},"message":"[runtime-status] [12616] Resolved module firebase-functions {\"declared\":true,\"installed\":true,\"version\":\"3.11.0\",\"resolution\":\"E:\\\\Projects\\\\react\\\\amazon-clone\\\\functions\\\\node_modules\\\\firebase-functions\\\\lib\\\\index.js\"}"}}
[debug] [2020-09-10T20:35:00.158Z] [runtime-status] [12616] firebase-admin has been stubbed. {"adminResolution":{"declared":true,"installed":true,"version":"8.13.0","resolution":"E:\\Projects\\react\\amazon-clone\\functions\\node_modules\\firebase-admin\\lib\\index.js"}} {"metadata":{"emulator":{"name":"functions"},"function":{"name":"api"},"message":"[runtime-status] [12616] firebase-admin has been stubbed. {\"adminResolution\":{\"declared\":true,\"installed\":true,\"version\":\"8.13.0\",\"resolution\":\"E:\\\\Projects\\\\react\\\\amazon-clone\\\\functions\\\\node_modules\\\\firebase-admin\\\\lib\\\\index.js\"}}"}}
[debug] [2020-09-10T20:35:00.985Z] [runtime-status] [12616] Trigger "api" has been found, beginning invocation! {"metadata":{"emulator":{"name":"functions"},"function":{"name":"api"},"message":"[runtime-status] [12616] Trigger \"api\" has been found, beginning invocation!"}}
[info] i  functions: Beginning execution of "api" {"metadata":{"emulator":{"name":"functions"},"function":{"name":"api"},"message":"Beginning execution of \"api\""}}
[debug] [2020-09-10T20:35:00.990Z] [runtime-status] [12616] triggerDefinition {"httpsTrigger":{},"name":"api","entryPoint":"api"} {"metadata":{"emulator":{"name":"functions"},"function":{"name":"api"},"message":"[runtime-status] [12616] triggerDefinition {\"httpsTrigger\":{},\"name\":\"api\",\"entryPoint\":\"api\"}"}}
[debug] [2020-09-10T20:35:00.991Z] [runtime-status] [12616] Running api in mode HTTPS {"metadata":{"emulator":{"name":"functions"},"function":{"name":"api"},"message":"[runtime-status] [12616] Running api in mode HTTPS"}}
[debug] [2020-09-10T20:35:01.008Z] [runtime-status] [12616] Attempting to listen to socketPath: \\?\pipe\E:\Projects\react\amazon-clone\functions\12616 {"metadata":{"emulator":{"name":"functions"},"function":{"name":"api"},"message":"[runtime-status] [12616] Attempting to listen to socketPath: \\\\?\\pipe\\E:\\Projects\\react\\amazon-clone\\functions\\12616"}}
[debug] [2020-09-10T20:35:01.016Z] [functions] Runtime ready! Sending request! {"metadata":{"emulator":{"name":"functions"},"message":"[functions] Runtime ready! Sending request!"}}
[debug] [2020-09-10T20:35:01.035Z] [runtime-status] [12616] Ephemeral server handling GET request {"metadata":{"emulator":{"name":"functions"},"function":{"name":"api"},"message":"[runtime-status] [12616] Ephemeral server handling GET request"}}
[debug] [2020-09-10T20:35:01.053Z] [runtime-status] [12616] Ephemeral server survived. {"metadata":{"emulator":{"name":"functions"},"function":{"name":"api"},"message":"[runtime-status] [12616] Ephemeral server survived."}}
[info] i  functions: Finished "api" in ~1s {"metadata":{"emulator":{"name":"functions"},"function":{"name":"api"},"message":"Finished \"api\" in ~1s"}}
[debug] [2020-09-10T20:35:01.089Z] [worker-api-9c9bddc2-11e7-4d47-9224-64b3722cb724]: IDLE {"metadata":{"emulator":{"name":"functions"},"message":"[worker-api-9c9bddc2-11e7-4d47-9224-64b3722cb724]: IDLE"}}
[debug] [2020-09-10T20:35:01.090Z] [work-queue] {"queueLength":0,"workRunningCount":0}
[debug] [2020-09-10T20:35:02.792Z] Functions emulator received unknown request at path /favicon.ico
[debug] [2020-09-10T20:36:19.225Z] File E:\Projects\react\amazon-clone\functions\index.js changed, reloading triggers {"metadata":{"emulator":{"name":"functions"},"message":"File E:\\Projects\\react\\amazon-clone\\functions\\index.js changed, reloading triggers"}}
[debug] [2020-09-10T20:36:20.228Z] [worker-pool] Shutting down IDLE worker (~diagnostic~) {"metadata":{"emulator":{"name":"functions"},"message":"[worker-pool] Shutting down IDLE worker (~diagnostic~)"}}
[debug] [2020-09-10T20:36:20.228Z] [worker-~diagnostic~-c2782184-b18c-468b-9302-2a405fe6f986]: FINISHING {"metadata":{"emulator":{"name":"functions"},"message":"[worker-~diagnostic~-c2782184-b18c-468b-9302-2a405fe6f986]: FINISHING"}}
[debug] [2020-09-10T20:36:20.230Z] [worker-pool] Shutting down IDLE worker (api) {"metadata":{"emulator":{"name":"functions"},"message":"[worker-pool] Shutting down IDLE worker (api)"}}
[debug] [2020-09-10T20:36:20.230Z] [worker-api-9c9bddc2-11e7-4d47-9224-64b3722cb724]: FINISHING {"metadata":{"emulator":{"name":"functions"},"message":"[worker-api-9c9bddc2-11e7-4d47-9224-64b3722cb724]: FINISHING"}}
[debug] [2020-09-10T20:36:20.258Z] [worker-pool] addWorker(~diagnostic~) {"metadata":{"emulator":{"name":"functions"},"message":"[worker-pool] addWorker(~diagnostic~)"}}
[debug] [2020-09-10T20:36:20.259Z] [worker-pool] Adding worker with key ~diagnostic~, total=2 {"metadata":{"emulator":{"name":"functions"},"message":"[worker-pool] Adding worker with key ~diagnostic~, total=2"}}
[debug] [2020-09-10T20:36:20.259Z] [worker-pool] submitWork(triggerId=) {"metadata":{"emulator":{"name":"functions"},"message":"[worker-pool] submitWork(triggerId=)"}}
[debug] [2020-09-10T20:36:20.260Z] [worker-~diagnostic~-58c4c34c-e105-4dd5-8953-43f79dbdbb21]: Assigning socketPath: \\?\pipe\E:\Projects\react\amazon-clone\functions\7796 {"metadata":{"emulator":{"name":"functions"},"message":"[worker-~diagnostic~-58c4c34c-e105-4dd5-8953-43f79dbdbb21]: Assigning socketPath: \\\\?\\pipe\\E:\\Projects\\react\\amazon-clone\\functions\\7796"}}
[debug] [2020-09-10T20:36:20.260Z] [worker-~diagnostic~-58c4c34c-e105-4dd5-8953-43f79dbdbb21]: BUSY {"metadata":{"emulator":{"name":"functions"},"message":"[worker-~diagnostic~-58c4c34c-e105-4dd5-8953-43f79dbdbb21]: BUSY"}}
[debug] [2020-09-10T20:36:20.264Z] [worker-~diagnostic~-c2782184-b18c-468b-9302-2a405fe6f986]: exited {"metadata":{"emulator":{"name":"functions"},"message":"[worker-~diagnostic~-c2782184-b18c-468b-9302-2a405fe6f986]: exited"}}
[debug] [2020-09-10T20:36:20.265Z] [worker-~diagnostic~-c2782184-b18c-468b-9302-2a405fe6f986]: FINISHED {"metadata":{"emulator":{"name":"functions"},"message":"[worker-~diagnostic~-c2782184-b18c-468b-9302-2a405fe6f986]: FINISHED"}}
[debug] [2020-09-10T20:36:20.272Z] [worker-api-9c9bddc2-11e7-4d47-9224-64b3722cb724]: exited {"metadata":{"emulator":{"name":"functions"},"message":"[worker-api-9c9bddc2-11e7-4d47-9224-64b3722cb724]: exited"}}
[debug] [2020-09-10T20:36:20.272Z] [worker-api-9c9bddc2-11e7-4d47-9224-64b3722cb724]: FINISHED {"metadata":{"emulator":{"name":"functions"},"message":"[worker-api-9c9bddc2-11e7-4d47-9224-64b3722cb724]: FINISHED"}}
[debug] [2020-09-10T20:36:20.281Z] File E:\Projects\react\amazon-clone\functions\index.js changed, reloading triggers {"metadata":{"emulator":{"name":"functions"},"message":"File E:\\Projects\\react\\amazon-clone\\functions\\index.js changed, reloading triggers"}}
[debug] [2020-09-10T20:36:20.576Z] File E:\Projects\react\amazon-clone\functions\index.js changed, reloading triggers {"metadata":{"emulator":{"name":"functions"},"message":"File E:\\Projects\\react\\amazon-clone\\functions\\index.js changed, reloading triggers"}}
[debug] [2020-09-10T20:36:21.597Z] [worker-pool] Marking BUSY worker to finish (~diagnostic~) {"metadata":{"emulator":{"name":"functions"},"message":"[worker-pool] Marking BUSY worker to finish (~diagnostic~)"}}
[debug] [2020-09-10T20:36:21.597Z] [worker-~diagnostic~-58c4c34c-e105-4dd5-8953-43f79dbdbb21]: FINISHING {"metadata":{"emulator":{"name":"functions"},"message":"[worker-~diagnostic~-58c4c34c-e105-4dd5-8953-43f79dbdbb21]: FINISHING"}}
[debug] [2020-09-10T20:36:21.597Z] [worker-pool] Cleaned up workers for ~diagnostic~: 2 --> 1 {"metadata":{"emulator":{"name":"functions"},"message":"[worker-pool] Cleaned up workers for ~diagnostic~: 2 --> 1"}}
[debug] [2020-09-10T20:36:21.598Z] [worker-pool] Cleaned up workers for api: 1 --> 0 {"metadata":{"emulator":{"name":"functions"},"message":"[worker-pool] Cleaned up workers for api: 1 --> 0"}}
[debug] [2020-09-10T20:36:21.643Z] [worker-pool] addWorker(~diagnostic~) {"metadata":{"emulator":{"name":"functions"},"message":"[worker-pool] addWorker(~diagnostic~)"}}
[debug] [2020-09-10T20:36:21.643Z] [worker-pool] Adding worker with key ~diagnostic~, total=2 {"metadata":{"emulator":{"name":"functions"},"message":"[worker-pool] Adding worker with key ~diagnostic~, total=2"}}
[debug] [2020-09-10T20:36:21.644Z] [worker-pool] submitWork(triggerId=) {"metadata":{"emulator":{"name":"functions"},"message":"[worker-pool] submitWork(triggerId=)"}}
[debug] [2020-09-10T20:36:21.644Z] [worker-~diagnostic~-1081e48d-5092-41e2-997d-44f3eb747f26]: Assigning socketPath: \\?\pipe\E:\Projects\react\amazon-clone\functions\7628 {"metadata":{"emulator":{"name":"functions"},"message":"[worker-~diagnostic~-1081e48d-5092-41e2-997d-44f3eb747f26]: Assigning socketPath: \\\\?\\pipe\\E:\\Projects\\react\\amazon-clone\\functions\\7628"}}
[debug] [2020-09-10T20:36:21.644Z] [worker-~diagnostic~-1081e48d-5092-41e2-997d-44f3eb747f26]: BUSY {"metadata":{"emulator":{"name":"functions"},"message":"[worker-~diagnostic~-1081e48d-5092-41e2-997d-44f3eb747f26]: BUSY"}}
[debug] [2020-09-10T20:36:22.775Z] [runtime-status] [7796] Functions runtime initialized. {"cwd":"E:\\Projects\\react\\amazon-clone\\functions","node_version":"12.18.3"} {"metadata":{"emulator":{"name":"functions"},"message":"[runtime-status] [7796] Functions runtime initialized. {\"cwd\":\"E:\\\\Projects\\\\react\\\\amazon-clone\\\\functions\",\"node_version\":\"12.18.3\"}"}}
[debug] [2020-09-10T20:36:22.789Z] [runtime-status] [7796] Disabled runtime features: undefined {"metadata":{"emulator":{"name":"functions"},"message":"[runtime-status] [7796] Disabled runtime features: undefined"}}
[debug] [2020-09-10T20:36:22.803Z] [runtime-status] [7796] Resolved module firebase-admin {"declared":true,"installed":true,"version":"8.13.0","resolution":"E:\\Projects\\react\\amazon-clone\\functions\\node_modules\\firebase-admin\\lib\\index.js"} {"metadata":{"emulator":{"name":"functions"},"message":"[runtime-status] [7796] Resolved module firebase-admin {\"declared\":true,\"installed\":true,\"version\":\"8.13.0\",\"resolution\":\"E:\\\\Projects\\\\react\\\\amazon-clone\\\\functions\\\\node_modules\\\\firebase-admin\\\\lib\\\\index.js\"}"}}
[debug] [2020-09-10T20:36:22.816Z] [runtime-status] [7796] Resolved module firebase-functions {"declared":true,"installed":true,"version":"3.11.0","resolution":"E:\\Projects\\react\\amazon-clone\\functions\\node_modules\\firebase-functions\\lib\\index.js"} {"metadata":{"emulator":{"name":"functions"},"message":"[runtime-status] [7796] Resolved module firebase-functions {\"declared\":true,\"installed\":true,\"version\":\"3.11.0\",\"resolution\":\"E:\\\\Projects\\\\react\\\\amazon-clone\\\\functions\\\\node_modules\\\\firebase-functions\\\\lib\\\\index.js\"}"}}
[debug] [2020-09-10T20:36:22.819Z] [runtime-status] [7796] Resolved module firebase-functions {"declared":true,"installed":true,"version":"3.11.0","resolution":"E:\\Projects\\react\\amazon-clone\\functions\\node_modules\\firebase-functions\\lib\\index.js"} {"metadata":{"emulator":{"name":"functions"},"message":"[runtime-status] [7796] Resolved module firebase-functions {\"declared\":true,\"installed\":true,\"version\":\"3.11.0\",\"resolution\":\"E:\\\\Projects\\\\react\\\\amazon-clone\\\\functions\\\\node_modules\\\\firebase-functions\\\\lib\\\\index.js\"}"}}
[debug] [2020-09-10T20:36:22.824Z] [runtime-status] [7796] Outgoing network have been stubbed. [{"name":"http","status":"mocked"},{"name":"http","status":"mocked"},{"name":"https","status":"mocked"},{"name":"https","status":"mocked"},{"name":"net","status":"mocked"}] {"metadata":{"emulator":{"name":"functions"},"message":"[runtime-status] [7796] Outgoing network have been stubbed. [{\"name\":\"http\",\"status\":\"mocked\"},{\"name\":\"http\",\"status\":\"mocked\"},{\"name\":\"https\",\"status\":\"mocked\"},{\"name\":\"https\",\"status\":\"mocked\"},{\"name\":\"net\",\"status\":\"mocked\"}]"}}
[debug] [2020-09-10T20:36:22.826Z] [runtime-status] [7796] Resolved module firebase-functions {"declared":true,"installed":true,"version":"3.11.0","resolution":"E:\\Projects\\react\\amazon-clone\\functions\\node_modules\\firebase-functions\\lib\\index.js"} {"metadata":{"emulator":{"name":"functions"},"message":"[runtime-status] [7796] Resolved module firebase-functions {\"declared\":true,\"installed\":true,\"version\":\"3.11.0\",\"resolution\":\"E:\\\\Projects\\\\react\\\\amazon-clone\\\\functions\\\\node_modules\\\\firebase-functions\\\\lib\\\\index.js\"}"}}
[debug] [2020-09-10T20:36:22.985Z] [runtime-status] [7796] Checked functions.config() {"config":{}} {"metadata":{"emulator":{"name":"functions"},"message":"[runtime-status] [7796] Checked functions.config() {\"config\":{}}"}}
[debug] [2020-09-10T20:36:22.986Z] [runtime-status] [7796] firebase-functions has been stubbed. {"functionsResolution":{"declared":true,"installed":true,"version":"3.11.0","resolution":"E:\\Projects\\react\\amazon-clone\\functions\\node_modules\\firebase-functions\\lib\\index.js"}} {"metadata":{"emulator":{"name":"functions"},"message":"[runtime-status] [7796] firebase-functions has been stubbed. {\"functionsResolution\":{\"declared\":true,\"installed\":true,\"version\":\"3.11.0\",\"resolution\":\"E:\\\\Projects\\\\react\\\\amazon-clone\\\\functions\\\\node_modules\\\\firebase-functions\\\\lib\\\\index.js\"}}"}}
[debug] [2020-09-10T20:36:22.988Z] [runtime-status] [7796] Resolved module firebase-functions {"declared":true,"installed":true,"version":"3.11.0","resolution":"E:\\Projects\\react\\amazon-clone\\functions\\node_modules\\firebase-functions\\lib\\index.js"} {"metadata":{"emulator":{"name":"functions"},"message":"[runtime-status] [7796] Resolved module firebase-functions {\"declared\":true,\"installed\":true,\"version\":\"3.11.0\",\"resolution\":\"E:\\\\Projects\\\\react\\\\amazon-clone\\\\functions\\\\node_modules\\\\firebase-functions\\\\lib\\\\index.js\"}"}}
[debug] [2020-09-10T20:36:22.991Z] [runtime-status] [7796] Resolved module firebase-admin {"declared":true,"installed":true,"version":"8.13.0","resolution":"E:\\Projects\\react\\amazon-clone\\functions\\node_modules\\firebase-admin\\lib\\index.js"} {"metadata":{"emulator":{"name":"functions"},"message":"[runtime-status] [7796] Resolved module firebase-admin {\"declared\":true,\"installed\":true,\"version\":\"8.13.0\",\"resolution\":\"E:\\\\Projects\\\\react\\\\amazon-clone\\\\functions\\\\node_modules\\\\firebase-admin\\\\lib\\\\index.js\"}"}}
[debug] [2020-09-10T20:36:22.994Z] [runtime-status] [7796] Resolved module firebase-functions {"declared":true,"installed":true,"version":"3.11.0","resolution":"E:\\Projects\\react\\amazon-clone\\functions\\node_modules\\firebase-functions\\lib\\index.js"} {"metadata":{"emulator":{"name":"functions"},"message":"[runtime-status] [7796] Resolved module firebase-functions {\"declared\":true,\"installed\":true,\"version\":\"3.11.0\",\"resolution\":\"E:\\\\Projects\\\\react\\\\amazon-clone\\\\functions\\\\node_modules\\\\firebase-functions\\\\lib\\\\index.js\"}"}}
[debug] [2020-09-10T20:36:22.995Z] [runtime-status] [7796] firebase-admin has been stubbed. {"adminResolution":{"declared":true,"installed":true,"version":"8.13.0","resolution":"E:\\Projects\\react\\amazon-clone\\functions\\node_modules\\firebase-admin\\lib\\index.js"}} {"metadata":{"emulator":{"name":"functions"},"message":"[runtime-status] [7796] firebase-admin has been stubbed. {\"adminResolution\":{\"declared\":true,\"installed\":true,\"version\":\"8.13.0\",\"resolution\":\"E:\\\\Projects\\\\react\\\\amazon-clone\\\\functions\\\\node_modules\\\\firebase-admin\\\\lib\\\\index.js\"}}"}}
[debug] [2020-09-10T20:36:23.635Z] [worker-~diagnostic~-58c4c34c-e105-4dd5-8953-43f79dbdbb21]: IDLE --> FINISHING {"metadata":{"emulator":{"name":"functions"},"message":"[worker-~diagnostic~-58c4c34c-e105-4dd5-8953-43f79dbdbb21]: IDLE --> FINISHING"}}
[debug] [2020-09-10T20:36:23.678Z] [worker-~diagnostic~-58c4c34c-e105-4dd5-8953-43f79dbdbb21]: exited {"metadata":{"emulator":{"name":"functions"},"message":"[worker-~diagnostic~-58c4c34c-e105-4dd5-8953-43f79dbdbb21]: exited"}}
[debug] [2020-09-10T20:36:23.678Z] [worker-~diagnostic~-58c4c34c-e105-4dd5-8953-43f79dbdbb21]: FINISHED {"metadata":{"emulator":{"name":"functions"},"message":"[worker-~diagnostic~-58c4c34c-e105-4dd5-8953-43f79dbdbb21]: FINISHED"}}
[debug] [2020-09-10T20:36:24.060Z] [runtime-status] [7628] Functions runtime initialized. {"cwd":"E:\\Projects\\react\\amazon-clone\\functions","node_version":"12.18.3"} {"metadata":{"emulator":{"name":"functions"},"message":"[runtime-status] [7628] Functions runtime initialized. {\"cwd\":\"E:\\\\Projects\\\\react\\\\amazon-clone\\\\functions\",\"node_version\":\"12.18.3\"}"}}
[debug] [2020-09-10T20:36:24.078Z] [runtime-status] [7628] Disabled runtime features: undefined {"metadata":{"emulator":{"name":"functions"},"message":"[runtime-status] [7628] Disabled runtime features: undefined"}}
[debug] [2020-09-10T20:36:24.090Z] [runtime-status] [7628] Resolved module firebase-admin {"declared":true,"installed":true,"version":"8.13.0","resolution":"E:\\Projects\\react\\amazon-clone\\functions\\node_modules\\firebase-admin\\lib\\index.js"} {"metadata":{"emulator":{"name":"functions"},"message":"[runtime-status] [7628] Resolved module firebase-admin {\"declared\":true,\"installed\":true,\"version\":\"8.13.0\",\"resolution\":\"E:\\\\Projects\\\\react\\\\amazon-clone\\\\functions\\\\node_modules\\\\firebase-admin\\\\lib\\\\index.js\"}"}}
[debug] [2020-09-10T20:36:24.101Z] [runtime-status] [7628] Resolved module firebase-functions {"declared":true,"installed":true,"version":"3.11.0","resolution":"E:\\Projects\\react\\amazon-clone\\functions\\node_modules\\firebase-functions\\lib\\index.js"} {"metadata":{"emulator":{"name":"functions"},"message":"[runtime-status] [7628] Resolved module firebase-functions {\"declared\":true,\"installed\":true,\"version\":\"3.11.0\",\"resolution\":\"E:\\\\Projects\\\\react\\\\amazon-clone\\\\functions\\\\node_modules\\\\firebase-functions\\\\lib\\\\index.js\"}"}}
[debug] [2020-09-10T20:36:24.104Z] [runtime-status] [7628] Resolved module firebase-functions {"declared":true,"installed":true,"version":"3.11.0","resolution":"E:\\Projects\\react\\amazon-clone\\functions\\node_modules\\firebase-functions\\lib\\index.js"} {"metadata":{"emulator":{"name":"functions"},"message":"[runtime-status] [7628] Resolved module firebase-functions {\"declared\":true,\"installed\":true,\"version\":\"3.11.0\",\"resolution\":\"E:\\\\Projects\\\\react\\\\amazon-clone\\\\functions\\\\node_modules\\\\firebase-functions\\\\lib\\\\index.js\"}"}}
[debug] [2020-09-10T20:36:24.109Z] [runtime-status] [7628] Outgoing network have been stubbed. [{"name":"http","status":"mocked"},{"name":"http","status":"mocked"},{"name":"https","status":"mocked"},{"name":"https","status":"mocked"},{"name":"net","status":"mocked"}] {"metadata":{"emulator":{"name":"functions"},"message":"[runtime-status] [7628] Outgoing network have been stubbed. [{\"name\":\"http\",\"status\":\"mocked\"},{\"name\":\"http\",\"status\":\"mocked\"},{\"name\":\"https\",\"status\":\"mocked\"},{\"name\":\"https\",\"status\":\"mocked\"},{\"name\":\"net\",\"status\":\"mocked\"}]"}}
[debug] [2020-09-10T20:36:24.111Z] [runtime-status] [7628] Resolved module firebase-functions {"declared":true,"installed":true,"version":"3.11.0","resolution":"E:\\Projects\\react\\amazon-clone\\functions\\node_modules\\firebase-functions\\lib\\index.js"} {"metadata":{"emulator":{"name":"functions"},"message":"[runtime-status] [7628] Resolved module firebase-functions {\"declared\":true,\"installed\":true,\"version\":\"3.11.0\",\"resolution\":\"E:\\\\Projects\\\\react\\\\amazon-clone\\\\functions\\\\node_modules\\\\firebase-functions\\\\lib\\\\index.js\"}"}}
[debug] [2020-09-10T20:36:24.262Z] [runtime-status] [7628] Checked functions.config() {"config":{}} {"metadata":{"emulator":{"name":"functions"},"message":"[runtime-status] [7628] Checked functions.config() {\"config\":{}}"}}
[debug] [2020-09-10T20:36:24.263Z] [runtime-status] [7628] firebase-functions has been stubbed. {"functionsResolution":{"declared":true,"installed":true,"version":"3.11.0","resolution":"E:\\Projects\\react\\amazon-clone\\functions\\node_modules\\firebase-functions\\lib\\index.js"}} {"metadata":{"emulator":{"name":"functions"},"message":"[runtime-status] [7628] firebase-functions has been stubbed. {\"functionsResolution\":{\"declared\":true,\"installed\":true,\"version\":\"3.11.0\",\"resolution\":\"E:\\\\Projects\\\\react\\\\amazon-clone\\\\functions\\\\node_modules\\\\firebase-functions\\\\lib\\\\index.js\"}}"}}
[debug] [2020-09-10T20:36:24.265Z] [runtime-status] [7628] Resolved module firebase-functions {"declared":true,"installed":true,"version":"3.11.0","resolution":"E:\\Projects\\react\\amazon-clone\\functions\\node_modules\\firebase-functions\\lib\\index.js"} {"metadata":{"emulator":{"name":"functions"},"message":"[runtime-status] [7628] Resolved module firebase-functions {\"declared\":true,\"installed\":true,\"version\":\"3.11.0\",\"resolution\":\"E:\\\\Projects\\\\react\\\\amazon-clone\\\\functions\\\\node_modules\\\\firebase-functions\\\\lib\\\\index.js\"}"}}
[debug] [2020-09-10T20:36:24.269Z] [runtime-status] [7628] Resolved module firebase-admin {"declared":true,"installed":true,"version":"8.13.0","resolution":"E:\\Projects\\react\\amazon-clone\\functions\\node_modules\\firebase-admin\\lib\\index.js"} {"metadata":{"emulator":{"name":"functions"},"message":"[runtime-status] [7628] Resolved module firebase-admin {\"declared\":true,\"installed\":true,\"version\":\"8.13.0\",\"resolution\":\"E:\\\\Projects\\\\react\\\\amazon-clone\\\\functions\\\\node_modules\\\\firebase-admin\\\\lib\\\\index.js\"}"}}
[debug] [2020-09-10T20:36:24.270Z] [runtime-status] [7628] Resolved module firebase-functions {"declared":true,"installed":true,"version":"3.11.0","resolution":"E:\\Projects\\react\\amazon-clone\\functions\\node_modules\\firebase-functions\\lib\\index.js"} {"metadata":{"emulator":{"name":"functions"},"message":"[runtime-status] [7628] Resolved module firebase-functions {\"declared\":true,\"installed\":true,\"version\":\"3.11.0\",\"resolution\":\"E:\\\\Projects\\\\react\\\\amazon-clone\\\\functions\\\\node_modules\\\\firebase-functions\\\\lib\\\\index.js\"}"}}
[debug] [2020-09-10T20:36:24.271Z] [runtime-status] [7628] firebase-admin has been stubbed. {"adminResolution":{"declared":true,"installed":true,"version":"8.13.0","resolution":"E:\\Projects\\react\\amazon-clone\\functions\\node_modules\\firebase-admin\\lib\\index.js"}} {"metadata":{"emulator":{"name":"functions"},"message":"[runtime-status] [7628] firebase-admin has been stubbed. {\"adminResolution\":{\"declared\":true,\"installed\":true,\"version\":\"8.13.0\",\"resolution\":\"E:\\\\Projects\\\\react\\\\amazon-clone\\\\functions\\\\node_modules\\\\firebase-admin\\\\lib\\\\index.js\"}}"}}
[debug] [2020-09-10T20:36:24.681Z] [worker-~diagnostic~-1081e48d-5092-41e2-997d-44f3eb747f26]: IDLE {"metadata":{"emulator":{"name":"functions"},"message":"[worker-~diagnostic~-1081e48d-5092-41e2-997d-44f3eb747f26]: IDLE"}}
[debug] [2020-09-10T20:36:29.225Z] [work-queue] {"queueLength":1,"workRunningCount":0}
[debug] [2020-09-10T20:36:29.225Z] [work-queue] {"queueLength":0,"workRunningCount":1}
[debug] [2020-09-10T20:36:29.225Z] Accepted request GET /clone-5153f/us-central1/api/dip --> api
[debug] [2020-09-10T20:36:29.226Z] [worker-pool] Cleaned up workers for ~diagnostic~: 2 --> 1 {"metadata":{"emulator":{"name":"functions"},"message":"[worker-pool] Cleaned up workers for ~diagnostic~: 2 --> 1"}}
[debug] [2020-09-10T20:36:29.235Z] [worker-pool] addWorker(api) {"metadata":{"emulator":{"name":"functions"},"message":"[worker-pool] addWorker(api)"}}
[debug] [2020-09-10T20:36:29.236Z] [worker-pool] Adding worker with key api, total=1 {"metadata":{"emulator":{"name":"functions"},"message":"[worker-pool] Adding worker with key api, total=1"}}
[debug] [2020-09-10T20:36:29.236Z] [worker-pool] submitWork(triggerId=api) {"metadata":{"emulator":{"name":"functions"},"message":"[worker-pool] submitWork(triggerId=api)"}}
[debug] [2020-09-10T20:36:29.237Z] [worker-api-a702a1d3-14a9-4f3f-9725-5525274c56b8]: Assigning socketPath: \\?\pipe\E:\Projects\react\amazon-clone\functions\9172 {"metadata":{"emulator":{"name":"functions"},"message":"[worker-api-a702a1d3-14a9-4f3f-9725-5525274c56b8]: Assigning socketPath: \\\\?\\pipe\\E:\\Projects\\react\\amazon-clone\\functions\\9172"}}
[debug] [2020-09-10T20:36:29.237Z] [worker-api-a702a1d3-14a9-4f3f-9725-5525274c56b8]: BUSY {"metadata":{"emulator":{"name":"functions"},"message":"[worker-api-a702a1d3-14a9-4f3f-9725-5525274c56b8]: BUSY"}}
[debug] [2020-09-10T20:36:30.198Z] [runtime-status] [9172] Functions runtime initialized. {"cwd":"E:\\Projects\\react\\amazon-clone\\functions","node_version":"12.18.3"} {"metadata":{"emulator":{"name":"functions"},"function":{"name":"api"},"message":"[runtime-status] [9172] Functions runtime initialized. {\"cwd\":\"E:\\\\Projects\\\\react\\\\amazon-clone\\\\functions\",\"node_version\":\"12.18.3\"}"}}
[debug] [2020-09-10T20:36:30.209Z] [runtime-status] [9172] Disabled runtime features: undefined {"metadata":{"emulator":{"name":"functions"},"function":{"name":"api"},"message":"[runtime-status] [9172] Disabled runtime features: undefined"}}
[debug] [2020-09-10T20:36:30.220Z] [runtime-status] [9172] Resolved module firebase-admin {"declared":true,"installed":true,"version":"8.13.0","resolution":"E:\\Projects\\react\\amazon-clone\\functions\\node_modules\\firebase-admin\\lib\\index.js"} {"metadata":{"emulator":{"name":"functions"},"function":{"name":"api"},"message":"[runtime-status] [9172] Resolved module firebase-admin {\"declared\":true,\"installed\":true,\"version\":\"8.13.0\",\"resolution\":\"E:\\\\Projects\\\\react\\\\amazon-clone\\\\functions\\\\node_modules\\\\firebase-admin\\\\lib\\\\index.js\"}"}}
[debug] [2020-09-10T20:36:30.223Z] [runtime-status] [9172] Resolved module firebase-functions {"declared":true,"installed":true,"version":"3.11.0","resolution":"E:\\Projects\\react\\amazon-clone\\functions\\node_modules\\firebase-functions\\lib\\index.js"} {"metadata":{"emulator":{"name":"functions"},"function":{"name":"api"},"message":"[runtime-status] [9172] Resolved module firebase-functions {\"declared\":true,\"installed\":true,\"version\":\"3.11.0\",\"resolution\":\"E:\\\\Projects\\\\react\\\\amazon-clone\\\\functions\\\\node_modules\\\\firebase-functions\\\\lib\\\\index.js\"}"}}
[debug] [2020-09-10T20:36:30.225Z] [runtime-status] [9172] Resolved module firebase-functions {"declared":true,"installed":true,"version":"3.11.0","resolution":"E:\\Projects\\react\\amazon-clone\\functions\\node_modules\\firebase-functions\\lib\\index.js"} {"metadata":{"emulator":{"name":"functions"},"function":{"name":"api"},"message":"[runtime-status] [9172] Resolved module firebase-functions {\"declared\":true,\"installed\":true,\"version\":\"3.11.0\",\"resolution\":\"E:\\\\Projects\\\\react\\\\amazon-clone\\\\functions\\\\node_modules\\\\firebase-functions\\\\lib\\\\index.js\"}"}}
[debug] [2020-09-10T20:36:30.231Z] [runtime-status] [9172] Outgoing network have been stubbed. [{"name":"http","status":"mocked"},{"name":"http","status":"mocked"},{"name":"https","status":"mocked"},{"name":"https","status":"mocked"},{"name":"net","status":"mocked"}] {"metadata":{"emulator":{"name":"functions"},"function":{"name":"api"},"message":"[runtime-status] [9172] Outgoing network have been stubbed. [{\"name\":\"http\",\"status\":\"mocked\"},{\"name\":\"http\",\"status\":\"mocked\"},{\"name\":\"https\",\"status\":\"mocked\"},{\"name\":\"https\",\"status\":\"mocked\"},{\"name\":\"net\",\"status\":\"mocked\"}]"}}
[debug] [2020-09-10T20:36:30.232Z] [runtime-status] [9172] Resolved module firebase-functions {"declared":true,"installed":true,"version":"3.11.0","resolution":"E:\\Projects\\react\\amazon-clone\\functions\\node_modules\\firebase-functions\\lib\\index.js"} {"metadata":{"emulator":{"name":"functions"},"function":{"name":"api"},"message":"[runtime-status] [9172] Resolved module firebase-functions {\"declared\":true,\"installed\":true,\"version\":\"3.11.0\",\"resolution\":\"E:\\\\Projects\\\\react\\\\amazon-clone\\\\functions\\\\node_modules\\\\firebase-functions\\\\lib\\\\index.js\"}"}}
[debug] [2020-09-10T20:36:30.323Z] [runtime-status] [9172] Checked functions.config() {"config":{}} {"metadata":{"emulator":{"name":"functions"},"function":{"name":"api"},"message":"[runtime-status] [9172] Checked functions.config() {\"config\":{}}"}}
[debug] [2020-09-10T20:36:30.323Z] [runtime-status] [9172] firebase-functions has been stubbed. {"functionsResolution":{"declared":true,"installed":true,"version":"3.11.0","resolution":"E:\\Projects\\react\\amazon-clone\\functions\\node_modules\\firebase-functions\\lib\\index.js"}} {"metadata":{"emulator":{"name":"functions"},"function":{"name":"api"},"message":"[runtime-status] [9172] firebase-functions has been stubbed. {\"functionsResolution\":{\"declared\":true,\"installed\":true,\"version\":\"3.11.0\",\"resolution\":\"E:\\\\Projects\\\\react\\\\amazon-clone\\\\functions\\\\node_modules\\\\firebase-functions\\\\lib\\\\index.js\"}}"}}
[debug] [2020-09-10T20:36:30.325Z] [runtime-status] [9172] Resolved module firebase-functions {"declared":true,"installed":true,"version":"3.11.0","resolution":"E:\\Projects\\react\\amazon-clone\\functions\\node_modules\\firebase-functions\\lib\\index.js"} {"metadata":{"emulator":{"name":"functions"},"function":{"name":"api"},"message":"[runtime-status] [9172] Resolved module firebase-functions {\"declared\":true,\"installed\":true,\"version\":\"3.11.0\",\"resolution\":\"E:\\\\Projects\\\\react\\\\amazon-clone\\\\functions\\\\node_modules\\\\firebase-functions\\\\lib\\\\index.js\"}"}}
[debug] [2020-09-10T20:36:30.327Z] [runtime-status] [9172] Resolved module firebase-admin {"declared":true,"installed":true,"version":"8.13.0","resolution":"E:\\Projects\\react\\amazon-clone\\functions\\node_modules\\firebase-admin\\lib\\index.js"} {"metadata":{"emulator":{"name":"functions"},"function":{"name":"api"},"message":"[runtime-status] [9172] Resolved module firebase-admin {\"declared\":true,\"installed\":true,\"version\":\"8.13.0\",\"resolution\":\"E:\\\\Projects\\\\react\\\\amazon-clone\\\\functions\\\\node_modules\\\\firebase-admin\\\\lib\\\\index.js\"}"}}
[debug] [2020-09-10T20:36:30.328Z] [runtime-status] [9172] Resolved module firebase-functions {"declared":true,"installed":true,"version":"3.11.0","resolution":"E:\\Projects\\react\\amazon-clone\\functions\\node_modules\\firebase-functions\\lib\\index.js"} {"metadata":{"emulator":{"name":"functions"},"function":{"name":"api"},"message":"[runtime-status] [9172] Resolved module firebase-functions {\"declared\":true,\"installed\":true,\"version\":\"3.11.0\",\"resolution\":\"E:\\\\Projects\\\\react\\\\amazon-clone\\\\functions\\\\node_modules\\\\firebase-functions\\\\lib\\\\index.js\"}"}}
[debug] [2020-09-10T20:36:30.329Z] [runtime-status] [9172] firebase-admin has been stubbed. {"adminResolution":{"declared":true,"installed":true,"version":"8.13.0","resolution":"E:\\Projects\\react\\amazon-clone\\functions\\node_modules\\firebase-admin\\lib\\index.js"}} {"metadata":{"emulator":{"name":"functions"},"function":{"name":"api"},"message":"[runtime-status] [9172] firebase-admin has been stubbed. {\"adminResolution\":{\"declared\":true,\"installed\":true,\"version\":\"8.13.0\",\"resolution\":\"E:\\\\Projects\\\\react\\\\amazon-clone\\\\functions\\\\node_modules\\\\firebase-admin\\\\lib\\\\index.js\"}}"}}
[debug] [2020-09-10T20:36:30.651Z] [runtime-status] [9172] Trigger "api" has been found, beginning invocation! {"metadata":{"emulator":{"name":"functions"},"function":{"name":"api"},"message":"[runtime-status] [9172] Trigger \"api\" has been found, beginning invocation!"}}
[info] i  functions: Beginning execution of "api" {"metadata":{"emulator":{"name":"functions"},"function":{"name":"api"},"message":"Beginning execution of \"api\""}}
[debug] [2020-09-10T20:36:30.661Z] [runtime-status] [9172] triggerDefinition {"httpsTrigger":{},"name":"api","entryPoint":"api"} {"metadata":{"emulator":{"name":"functions"},"function":{"name":"api"},"message":"[runtime-status] [9172] triggerDefinition {\"httpsTrigger\":{},\"name\":\"api\",\"entryPoint\":\"api\"}"}}
[debug] [2020-09-10T20:36:30.664Z] [runtime-status] [9172] Running api in mode HTTPS {"metadata":{"emulator":{"name":"functions"},"function":{"name":"api"},"message":"[runtime-status] [9172] Running api in mode HTTPS"}}
[debug] [2020-09-10T20:36:30.669Z] [runtime-status] [9172] Attempting to listen to socketPath: \\?\pipe\E:\Projects\react\amazon-clone\functions\9172 {"metadata":{"emulator":{"name":"functions"},"function":{"name":"api"},"message":"[runtime-status] [9172] Attempting to listen to socketPath: \\\\?\\pipe\\E:\\Projects\\react\\amazon-clone\\functions\\9172"}}
[debug] [2020-09-10T20:36:30.679Z] [functions] Runtime ready! Sending request! {"metadata":{"emulator":{"name":"functions"},"message":"[functions] Runtime ready! Sending request!"}}
[debug] [2020-09-10T20:36:30.697Z] [runtime-status] [9172] Ephemeral server handling GET request {"metadata":{"emulator":{"name":"functions"},"function":{"name":"api"},"message":"[runtime-status] [9172] Ephemeral server handling GET request"}}
[debug] [2020-09-10T20:36:30.714Z] [runtime-status] [9172] Ephemeral server survived. {"metadata":{"emulator":{"name":"functions"},"function":{"name":"api"},"message":"[runtime-status] [9172] Ephemeral server survived."}}
[info] i  functions: Finished "api" in ~1s {"metadata":{"emulator":{"name":"functions"},"function":{"name":"api"},"message":"Finished \"api\" in ~1s"}}
[debug] [2020-09-10T20:36:30.744Z] [worker-api-a702a1d3-14a9-4f3f-9725-5525274c56b8]: IDLE {"metadata":{"emulator":{"name":"functions"},"message":"[worker-api-a702a1d3-14a9-4f3f-9725-5525274c56b8]: IDLE"}}
[debug] [2020-09-10T20:36:30.744Z] [work-queue] {"queueLength":0,"workRunningCount":0}
[debug] [2020-09-10T20:37:50.091Z] File E:\Projects\react\amazon-clone\functions\index.js changed, reloading triggers {"metadata":{"emulator":{"name":"functions"},"message":"File E:\\Projects\\react\\amazon-clone\\functions\\index.js changed, reloading triggers"}}
[debug] [2020-09-10T20:37:50.447Z] File E:\Projects\react\amazon-clone\functions\index.js changed, reloading triggers {"metadata":{"emulator":{"name":"functions"},"message":"File E:\\Projects\\react\\amazon-clone\\functions\\index.js changed, reloading triggers"}}
[debug] [2020-09-10T20:37:51.448Z] [worker-pool] Shutting down IDLE worker (~diagnostic~) {"metadata":{"emulator":{"name":"functions"},"message":"[worker-pool] Shutting down IDLE worker (~diagnostic~)"}}
[debug] [2020-09-10T20:37:51.449Z] [worker-~diagnostic~-1081e48d-5092-41e2-997d-44f3eb747f26]: FINISHING {"metadata":{"emulator":{"name":"functions"},"message":"[worker-~diagnostic~-1081e48d-5092-41e2-997d-44f3eb747f26]: FINISHING"}}
[debug] [2020-09-10T20:37:51.450Z] [worker-pool] Shutting down IDLE worker (api) {"metadata":{"emulator":{"name":"functions"},"message":"[worker-pool] Shutting down IDLE worker (api)"}}
[debug] [2020-09-10T20:37:51.450Z] [worker-api-a702a1d3-14a9-4f3f-9725-5525274c56b8]: FINISHING {"metadata":{"emulator":{"name":"functions"},"message":"[worker-api-a702a1d3-14a9-4f3f-9725-5525274c56b8]: FINISHING"}}
[debug] [2020-09-10T20:37:51.465Z] [worker-pool] addWorker(~diagnostic~) {"metadata":{"emulator":{"name":"functions"},"message":"[worker-pool] addWorker(~diagnostic~)"}}
[debug] [2020-09-10T20:37:51.466Z] [worker-pool] Adding worker with key ~diagnostic~, total=2 {"metadata":{"emulator":{"name":"functions"},"message":"[worker-pool] Adding worker with key ~diagnostic~, total=2"}}
[debug] [2020-09-10T20:37:51.466Z] [worker-pool] submitWork(triggerId=) {"metadata":{"emulator":{"name":"functions"},"message":"[worker-pool] submitWork(triggerId=)"}}
[debug] [2020-09-10T20:37:51.466Z] [worker-~diagnostic~-c1afb2f4-28b2-4853-ab86-f06d73114eea]: Assigning socketPath: \\?\pipe\E:\Projects\react\amazon-clone\functions\10724 {"metadata":{"emulator":{"name":"functions"},"message":"[worker-~diagnostic~-c1afb2f4-28b2-4853-ab86-f06d73114eea]: Assigning socketPath: \\\\?\\pipe\\E:\\Projects\\react\\amazon-clone\\functions\\10724"}}
[debug] [2020-09-10T20:37:51.467Z] [worker-~diagnostic~-c1afb2f4-28b2-4853-ab86-f06d73114eea]: BUSY {"metadata":{"emulator":{"name":"functions"},"message":"[worker-~diagnostic~-c1afb2f4-28b2-4853-ab86-f06d73114eea]: BUSY"}}
[debug] [2020-09-10T20:37:51.477Z] [worker-~diagnostic~-1081e48d-5092-41e2-997d-44f3eb747f26]: exited {"metadata":{"emulator":{"name":"functions"},"message":"[worker-~diagnostic~-1081e48d-5092-41e2-997d-44f3eb747f26]: exited"}}
[debug] [2020-09-10T20:37:51.477Z] [worker-~diagnostic~-1081e48d-5092-41e2-997d-44f3eb747f26]: FINISHED {"metadata":{"emulator":{"name":"functions"},"message":"[worker-~diagnostic~-1081e48d-5092-41e2-997d-44f3eb747f26]: FINISHED"}}
[debug] [2020-09-10T20:37:51.487Z] [worker-api-a702a1d3-14a9-4f3f-9725-5525274c56b8]: exited {"metadata":{"emulator":{"name":"functions"},"message":"[worker-api-a702a1d3-14a9-4f3f-9725-5525274c56b8]: exited"}}
[debug] [2020-09-10T20:37:51.487Z] [worker-api-a702a1d3-14a9-4f3f-9725-5525274c56b8]: FINISHED {"metadata":{"emulator":{"name":"functions"},"message":"[worker-api-a702a1d3-14a9-4f3f-9725-5525274c56b8]: FINISHED"}}
[debug] [2020-09-10T20:37:53.101Z] [runtime-status] [10724] Functions runtime initialized. {"cwd":"E:\\Projects\\react\\amazon-clone\\functions","node_version":"12.18.3"} {"metadata":{"emulator":{"name":"functions"},"message":"[runtime-status] [10724] Functions runtime initialized. {\"cwd\":\"E:\\\\Projects\\\\react\\\\amazon-clone\\\\functions\",\"node_version\":\"12.18.3\"}"}}
[debug] [2020-09-10T20:37:53.111Z] [runtime-status] [10724] Disabled runtime features: undefined {"metadata":{"emulator":{"name":"functions"},"message":"[runtime-status] [10724] Disabled runtime features: undefined"}}
[debug] [2020-09-10T20:37:53.119Z] [runtime-status] [10724] Resolved module firebase-admin {"declared":true,"installed":true,"version":"8.13.0","resolution":"E:\\Projects\\react\\amazon-clone\\functions\\node_modules\\firebase-admin\\lib\\index.js"} {"metadata":{"emulator":{"name":"functions"},"message":"[runtime-status] [10724] Resolved module firebase-admin {\"declared\":true,\"installed\":true,\"version\":\"8.13.0\",\"resolution\":\"E:\\\\Projects\\\\react\\\\amazon-clone\\\\functions\\\\node_modules\\\\firebase-admin\\\\lib\\\\index.js\"}"}}
[debug] [2020-09-10T20:37:53.127Z] [runtime-status] [10724] Resolved module firebase-functions {"declared":true,"installed":true,"version":"3.11.0","resolution":"E:\\Projects\\react\\amazon-clone\\functions\\node_modules\\firebase-functions\\lib\\index.js"} {"metadata":{"emulator":{"name":"functions"},"message":"[runtime-status] [10724] Resolved module firebase-functions {\"declared\":true,\"installed\":true,\"version\":\"3.11.0\",\"resolution\":\"E:\\\\Projects\\\\react\\\\amazon-clone\\\\functions\\\\node_modules\\\\firebase-functions\\\\lib\\\\index.js\"}"}}
[debug] [2020-09-10T20:37:53.129Z] [runtime-status] [10724] Resolved module firebase-functions {"declared":true,"installed":true,"version":"3.11.0","resolution":"E:\\Projects\\react\\amazon-clone\\functions\\node_modules\\firebase-functions\\lib\\index.js"} {"metadata":{"emulator":{"name":"functions"},"message":"[runtime-status] [10724] Resolved module firebase-functions {\"declared\":true,\"installed\":true,\"version\":\"3.11.0\",\"resolution\":\"E:\\\\Projects\\\\react\\\\amazon-clone\\\\functions\\\\node_modules\\\\firebase-functions\\\\lib\\\\index.js\"}"}}
[debug] [2020-09-10T20:37:53.134Z] [runtime-status] [10724] Outgoing network have been stubbed. [{"name":"http","status":"mocked"},{"name":"http","status":"mocked"},{"name":"https","status":"mocked"},{"name":"https","status":"mocked"},{"name":"net","status":"mocked"}] {"metadata":{"emulator":{"name":"functions"},"message":"[runtime-status] [10724] Outgoing network have been stubbed. [{\"name\":\"http\",\"status\":\"mocked\"},{\"name\":\"http\",\"status\":\"mocked\"},{\"name\":\"https\",\"status\":\"mocked\"},{\"name\":\"https\",\"status\":\"mocked\"},{\"name\":\"net\",\"status\":\"mocked\"}]"}}
[debug] [2020-09-10T20:37:53.135Z] [runtime-status] [10724] Resolved module firebase-functions {"declared":true,"installed":true,"version":"3.11.0","resolution":"E:\\Projects\\react\\amazon-clone\\functions\\node_modules\\firebase-functions\\lib\\index.js"} {"metadata":{"emulator":{"name":"functions"},"message":"[runtime-status] [10724] Resolved module firebase-functions {\"declared\":true,\"installed\":true,\"version\":\"3.11.0\",\"resolution\":\"E:\\\\Projects\\\\react\\\\amazon-clone\\\\functions\\\\node_modules\\\\firebase-functions\\\\lib\\\\index.js\"}"}}
[debug] [2020-09-10T20:37:53.227Z] [runtime-status] [10724] Checked functions.config() {"config":{}} {"metadata":{"emulator":{"name":"functions"},"message":"[runtime-status] [10724] Checked functions.config() {\"config\":{}}"}}
[debug] [2020-09-10T20:37:53.228Z] [runtime-status] [10724] firebase-functions has been stubbed. {"functionsResolution":{"declared":true,"installed":true,"version":"3.11.0","resolution":"E:\\Projects\\react\\amazon-clone\\functions\\node_modules\\firebase-functions\\lib\\index.js"}} {"metadata":{"emulator":{"name":"functions"},"message":"[runtime-status] [10724] firebase-functions has been stubbed. {\"functionsResolution\":{\"declared\":true,\"installed\":true,\"version\":\"3.11.0\",\"resolution\":\"E:\\\\Projects\\\\react\\\\amazon-clone\\\\functions\\\\node_modules\\\\firebase-functions\\\\lib\\\\index.js\"}}"}}
[debug] [2020-09-10T20:37:53.230Z] [runtime-status] [10724] Resolved module firebase-functions {"declared":true,"installed":true,"version":"3.11.0","resolution":"E:\\Projects\\react\\amazon-clone\\functions\\node_modules\\firebase-functions\\lib\\index.js"} {"metadata":{"emulator":{"name":"functions"},"message":"[runtime-status] [10724] Resolved module firebase-functions {\"declared\":true,\"installed\":true,\"version\":\"3.11.0\",\"resolution\":\"E:\\\\Projects\\\\react\\\\amazon-clone\\\\functions\\\\node_modules\\\\firebase-functions\\\\lib\\\\index.js\"}"}}
[debug] [2020-09-10T20:37:53.235Z] [runtime-status] [10724] Resolved module firebase-admin {"declared":true,"installed":true,"version":"8.13.0","resolution":"E:\\Projects\\react\\amazon-clone\\functions\\node_modules\\firebase-admin\\lib\\index.js"} {"metadata":{"emulator":{"name":"functions"},"message":"[runtime-status] [10724] Resolved module firebase-admin {\"declared\":true,\"installed\":true,\"version\":\"8.13.0\",\"resolution\":\"E:\\\\Projects\\\\react\\\\amazon-clone\\\\functions\\\\node_modules\\\\firebase-admin\\\\lib\\\\index.js\"}"}}
[debug] [2020-09-10T20:37:53.237Z] [runtime-status] [10724] Resolved module firebase-functions {"declared":true,"installed":true,"version":"3.11.0","resolution":"E:\\Projects\\react\\amazon-clone\\functions\\node_modules\\firebase-functions\\lib\\index.js"} {"metadata":{"emulator":{"name":"functions"},"message":"[runtime-status] [10724] Resolved module firebase-functions {\"declared\":true,\"installed\":true,\"version\":\"3.11.0\",\"resolution\":\"E:\\\\Projects\\\\react\\\\amazon-clone\\\\functions\\\\node_modules\\\\firebase-functions\\\\lib\\\\index.js\"}"}}
[debug] [2020-09-10T20:37:53.238Z] [runtime-status] [10724] firebase-admin has been stubbed. {"adminResolution":{"declared":true,"installed":true,"version":"8.13.0","resolution":"E:\\Projects\\react\\amazon-clone\\functions\\node_modules\\firebase-admin\\lib\\index.js"}} {"metadata":{"emulator":{"name":"functions"},"message":"[runtime-status] [10724] firebase-admin has been stubbed. {\"adminResolution\":{\"declared\":true,\"installed\":true,\"version\":\"8.13.0\",\"resolution\":\"E:\\\\Projects\\\\react\\\\amazon-clone\\\\functions\\\\node_modules\\\\firebase-admin\\\\lib\\\\index.js\"}}"}}
[debug] [2020-09-10T20:37:53.575Z] [worker-~diagnostic~-c1afb2f4-28b2-4853-ab86-f06d73114eea]: IDLE {"metadata":{"emulator":{"name":"functions"},"message":"[worker-~diagnostic~-c1afb2f4-28b2-4853-ab86-f06d73114eea]: IDLE"}}
[debug] [2020-09-10T20:38:33.282Z] File E:\Projects\react\amazon-clone\functions\index.js changed, reloading triggers {"metadata":{"emulator":{"name":"functions"},"message":"File E:\\Projects\\react\\amazon-clone\\functions\\index.js changed, reloading triggers"}}
[debug] [2020-09-10T20:38:34.282Z] [worker-pool] Shutting down IDLE worker (~diagnostic~) {"metadata":{"emulator":{"name":"functions"},"message":"[worker-pool] Shutting down IDLE worker (~diagnostic~)"}}
[debug] [2020-09-10T20:38:34.282Z] [worker-~diagnostic~-c1afb2f4-28b2-4853-ab86-f06d73114eea]: FINISHING {"metadata":{"emulator":{"name":"functions"},"message":"[worker-~diagnostic~-c1afb2f4-28b2-4853-ab86-f06d73114eea]: FINISHING"}}
[debug] [2020-09-10T20:38:34.283Z] [worker-pool] Cleaned up workers for ~diagnostic~: 2 --> 1 {"metadata":{"emulator":{"name":"functions"},"message":"[worker-pool] Cleaned up workers for ~diagnostic~: 2 --> 1"}}
[debug] [2020-09-10T20:38:34.283Z] [worker-pool] Cleaned up workers for api: 1 --> 0 {"metadata":{"emulator":{"name":"functions"},"message":"[worker-pool] Cleaned up workers for api: 1 --> 0"}}
[debug] [2020-09-10T20:38:34.299Z] [worker-pool] addWorker(~diagnostic~) {"metadata":{"emulator":{"name":"functions"},"message":"[worker-pool] addWorker(~diagnostic~)"}}
[debug] [2020-09-10T20:38:34.300Z] [worker-pool] Adding worker with key ~diagnostic~, total=2 {"metadata":{"emulator":{"name":"functions"},"message":"[worker-pool] Adding worker with key ~diagnostic~, total=2"}}
[debug] [2020-09-10T20:38:34.300Z] [worker-pool] submitWork(triggerId=) {"metadata":{"emulator":{"name":"functions"},"message":"[worker-pool] submitWork(triggerId=)"}}
[debug] [2020-09-10T20:38:34.301Z] [worker-~diagnostic~-ccbe4bc7-0aaa-4865-ba82-22321cc5fbe2]: Assigning socketPath: \\?\pipe\E:\Projects\react\amazon-clone\functions\10736 {"metadata":{"emulator":{"name":"functions"},"message":"[worker-~diagnostic~-ccbe4bc7-0aaa-4865-ba82-22321cc5fbe2]: Assigning socketPath: \\\\?\\pipe\\E:\\Projects\\react\\amazon-clone\\functions\\10736"}}
[debug] [2020-09-10T20:38:34.301Z] [worker-~diagnostic~-ccbe4bc7-0aaa-4865-ba82-22321cc5fbe2]: BUSY {"metadata":{"emulator":{"name":"functions"},"message":"[worker-~diagnostic~-ccbe4bc7-0aaa-4865-ba82-22321cc5fbe2]: BUSY"}}
[debug] [2020-09-10T20:38:34.316Z] [worker-~diagnostic~-c1afb2f4-28b2-4853-ab86-f06d73114eea]: exited {"metadata":{"emulator":{"name":"functions"},"message":"[worker-~diagnostic~-c1afb2f4-28b2-4853-ab86-f06d73114eea]: exited"}}
[debug] [2020-09-10T20:38:34.317Z] [worker-~diagnostic~-c1afb2f4-28b2-4853-ab86-f06d73114eea]: FINISHED {"metadata":{"emulator":{"name":"functions"},"message":"[worker-~diagnostic~-c1afb2f4-28b2-4853-ab86-f06d73114eea]: FINISHED"}}
[debug] [2020-09-10T20:38:36.337Z] [runtime-status] [10736] Functions runtime initialized. {"cwd":"E:\\Projects\\react\\amazon-clone\\functions","node_version":"12.18.3"} {"metadata":{"emulator":{"name":"functions"},"message":"[runtime-status] [10736] Functions runtime initialized. {\"cwd\":\"E:\\\\Projects\\\\react\\\\amazon-clone\\\\functions\",\"node_version\":\"12.18.3\"}"}}
[debug] [2020-09-10T20:38:36.351Z] [runtime-status] [10736] Disabled runtime features: undefined {"metadata":{"emulator":{"name":"functions"},"message":"[runtime-status] [10736] Disabled runtime features: undefined"}}
[debug] [2020-09-10T20:38:36.360Z] [runtime-status] [10736] Resolved module firebase-admin {"declared":true,"installed":true,"version":"8.13.0","resolution":"E:\\Projects\\react\\amazon-clone\\functions\\node_modules\\firebase-admin\\lib\\index.js"} {"metadata":{"emulator":{"name":"functions"},"message":"[runtime-status] [10736] Resolved module firebase-admin {\"declared\":true,\"installed\":true,\"version\":\"8.13.0\",\"resolution\":\"E:\\\\Projects\\\\react\\\\amazon-clone\\\\functions\\\\node_modules\\\\firebase-admin\\\\lib\\\\index.js\"}"}}
[debug] [2020-09-10T20:38:36.376Z] [runtime-status] [10736] Resolved module firebase-functions {"declared":true,"installed":true,"version":"3.11.0","resolution":"E:\\Projects\\react\\amazon-clone\\functions\\node_modules\\firebase-functions\\lib\\index.js"} {"metadata":{"emulator":{"name":"functions"},"message":"[runtime-status] [10736] Resolved module firebase-functions {\"declared\":true,\"installed\":true,\"version\":\"3.11.0\",\"resolution\":\"E:\\\\Projects\\\\react\\\\amazon-clone\\\\functions\\\\node_modules\\\\firebase-functions\\\\lib\\\\index.js\"}"}}
[debug] [2020-09-10T20:38:36.380Z] [runtime-status] [10736] Resolved module firebase-functions {"declared":true,"installed":true,"version":"3.11.0","resolution":"E:\\Projects\\react\\amazon-clone\\functions\\node_modules\\firebase-functions\\lib\\index.js"} {"metadata":{"emulator":{"name":"functions"},"message":"[runtime-status] [10736] Resolved module firebase-functions {\"declared\":true,\"installed\":true,\"version\":\"3.11.0\",\"resolution\":\"E:\\\\Projects\\\\react\\\\amazon-clone\\\\functions\\\\node_modules\\\\firebase-functions\\\\lib\\\\index.js\"}"}}
[debug] [2020-09-10T20:38:36.385Z] [runtime-status] [10736] Outgoing network have been stubbed. [{"name":"http","status":"mocked"},{"name":"http","status":"mocked"},{"name":"https","status":"mocked"},{"name":"https","status":"mocked"},{"name":"net","status":"mocked"}] {"metadata":{"emulator":{"name":"functions"},"message":"[runtime-status] [10736] Outgoing network have been stubbed. [{\"name\":\"http\",\"status\":\"mocked\"},{\"name\":\"http\",\"status\":\"mocked\"},{\"name\":\"https\",\"status\":\"mocked\"},{\"name\":\"https\",\"status\":\"mocked\"},{\"name\":\"net\",\"status\":\"mocked\"}]"}}
[debug] [2020-09-10T20:38:36.392Z] [runtime-status] [10736] Resolved module firebase-functions {"declared":true,"installed":true,"version":"3.11.0","resolution":"E:\\Projects\\react\\amazon-clone\\functions\\node_modules\\firebase-functions\\lib\\index.js"} {"metadata":{"emulator":{"name":"functions"},"message":"[runtime-status] [10736] Resolved module firebase-functions {\"declared\":true,\"installed\":true,\"version\":\"3.11.0\",\"resolution\":\"E:\\\\Projects\\\\react\\\\amazon-clone\\\\functions\\\\node_modules\\\\firebase-functions\\\\lib\\\\index.js\"}"}}
[debug] [2020-09-10T20:38:36.528Z] [runtime-status] [10736] Checked functions.config() {"config":{}} {"metadata":{"emulator":{"name":"functions"},"message":"[runtime-status] [10736] Checked functions.config() {\"config\":{}}"}}
[debug] [2020-09-10T20:38:36.529Z] [runtime-status] [10736] firebase-functions has been stubbed. {"functionsResolution":{"declared":true,"installed":true,"version":"3.11.0","resolution":"E:\\Projects\\react\\amazon-clone\\functions\\node_modules\\firebase-functions\\lib\\index.js"}} {"metadata":{"emulator":{"name":"functions"},"message":"[runtime-status] [10736] firebase-functions has been stubbed. {\"functionsResolution\":{\"declared\":true,\"installed\":true,\"version\":\"3.11.0\",\"resolution\":\"E:\\\\Projects\\\\react\\\\amazon-clone\\\\functions\\\\node_modules\\\\firebase-functions\\\\lib\\\\index.js\"}}"}}
[debug] [2020-09-10T20:38:36.533Z] [runtime-status] [10736] Resolved module firebase-functions {"declared":true,"installed":true,"version":"3.11.0","resolution":"E:\\Projects\\react\\amazon-clone\\functions\\node_modules\\firebase-functions\\lib\\index.js"} {"metadata":{"emulator":{"name":"functions"},"message":"[runtime-status] [10736] Resolved module firebase-functions {\"declared\":true,\"installed\":true,\"version\":\"3.11.0\",\"resolution\":\"E:\\\\Projects\\\\react\\\\amazon-clone\\\\functions\\\\node_modules\\\\firebase-functions\\\\lib\\\\index.js\"}"}}
[debug] [2020-09-10T20:38:36.536Z] [runtime-status] [10736] Resolved module firebase-admin {"declared":true,"installed":true,"version":"8.13.0","resolution":"E:\\Projects\\react\\amazon-clone\\functions\\node_modules\\firebase-admin\\lib\\index.js"} {"metadata":{"emulator":{"name":"functions"},"message":"[runtime-status] [10736] Resolved module firebase-admin {\"declared\":true,\"installed\":true,\"version\":\"8.13.0\",\"resolution\":\"E:\\\\Projects\\\\react\\\\amazon-clone\\\\functions\\\\node_modules\\\\firebase-admin\\\\lib\\\\index.js\"}"}}
[debug] [2020-09-10T20:38:36.537Z] [runtime-status] [10736] Resolved module firebase-functions {"declared":true,"installed":true,"version":"3.11.0","resolution":"E:\\Projects\\react\\amazon-clone\\functions\\node_modules\\firebase-functions\\lib\\index.js"} {"metadata":{"emulator":{"name":"functions"},"message":"[runtime-status] [10736] Resolved module firebase-functions {\"declared\":true,\"installed\":true,\"version\":\"3.11.0\",\"resolution\":\"E:\\\\Projects\\\\react\\\\amazon-clone\\\\functions\\\\node_modules\\\\firebase-functions\\\\lib\\\\index.js\"}"}}
[debug] [2020-09-10T20:38:36.538Z] [runtime-status] [10736] firebase-admin has been stubbed. {"adminResolution":{"declared":true,"installed":true,"version":"8.13.0","resolution":"E:\\Projects\\react\\amazon-clone\\functions\\node_modules\\firebase-admin\\lib\\index.js"}} {"metadata":{"emulator":{"name":"functions"},"message":"[runtime-status] [10736] firebase-admin has been stubbed. {\"adminResolution\":{\"declared\":true,\"installed\":true,\"version\":\"8.13.0\",\"resolution\":\"E:\\\\Projects\\\\react\\\\amazon-clone\\\\functions\\\\node_modules\\\\firebase-admin\\\\lib\\\\index.js\"}}"}}
[debug] [2020-09-10T20:38:37.009Z] [worker-~diagnostic~-ccbe4bc7-0aaa-4865-ba82-22321cc5fbe2]: IDLE {"metadata":{"emulator":{"name":"functions"},"message":"[worker-~diagnostic~-ccbe4bc7-0aaa-4865-ba82-22321cc5fbe2]: IDLE"}}
[debug] [2020-09-10T20:42:39.863Z] File E:\Projects\react\amazon-clone\functions\index.js changed, reloading triggers {"metadata":{"emulator":{"name":"functions"},"message":"File E:\\Projects\\react\\amazon-clone\\functions\\index.js changed, reloading triggers"}}
[debug] [2020-09-10T20:42:40.864Z] [worker-pool] Shutting down IDLE worker (~diagnostic~) {"metadata":{"emulator":{"name":"functions"},"message":"[worker-pool] Shutting down IDLE worker (~diagnostic~)"}}
[debug] [2020-09-10T20:42:40.865Z] [worker-~diagnostic~-ccbe4bc7-0aaa-4865-ba82-22321cc5fbe2]: FINISHING {"metadata":{"emulator":{"name":"functions"},"message":"[worker-~diagnostic~-ccbe4bc7-0aaa-4865-ba82-22321cc5fbe2]: FINISHING"}}
[debug] [2020-09-10T20:42:40.865Z] [worker-pool] Cleaned up workers for ~diagnostic~: 2 --> 1 {"metadata":{"emulator":{"name":"functions"},"message":"[worker-pool] Cleaned up workers for ~diagnostic~: 2 --> 1"}}
[debug] [2020-09-10T20:42:40.876Z] [worker-pool] addWorker(~diagnostic~) {"metadata":{"emulator":{"name":"functions"},"message":"[worker-pool] addWorker(~diagnostic~)"}}
[debug] [2020-09-10T20:42:40.876Z] [worker-pool] Adding worker with key ~diagnostic~, total=2 {"metadata":{"emulator":{"name":"functions"},"message":"[worker-pool] Adding worker with key ~diagnostic~, total=2"}}
[debug] [2020-09-10T20:42:40.877Z] [worker-pool] submitWork(triggerId=) {"metadata":{"emulator":{"name":"functions"},"message":"[worker-pool] submitWork(triggerId=)"}}
[debug] [2020-09-10T20:42:40.877Z] [worker-~diagnostic~-0ff0034d-014d-4ed5-94c7-e0abcf6fbea9]: Assigning socketPath: \\?\pipe\E:\Projects\react\amazon-clone\functions\12468 {"metadata":{"emulator":{"name":"functions"},"message":"[worker-~diagnostic~-0ff0034d-014d-4ed5-94c7-e0abcf6fbea9]: Assigning socketPath: \\\\?\\pipe\\E:\\Projects\\react\\amazon-clone\\functions\\12468"}}
[debug] [2020-09-10T20:42:40.877Z] [worker-~diagnostic~-0ff0034d-014d-4ed5-94c7-e0abcf6fbea9]: BUSY {"metadata":{"emulator":{"name":"functions"},"message":"[worker-~diagnostic~-0ff0034d-014d-4ed5-94c7-e0abcf6fbea9]: BUSY"}}
[debug] [2020-09-10T20:42:40.891Z] [worker-~diagnostic~-ccbe4bc7-0aaa-4865-ba82-22321cc5fbe2]: exited {"metadata":{"emulator":{"name":"functions"},"message":"[worker-~diagnostic~-ccbe4bc7-0aaa-4865-ba82-22321cc5fbe2]: exited"}}
[debug] [2020-09-10T20:42:40.891Z] [worker-~diagnostic~-ccbe4bc7-0aaa-4865-ba82-22321cc5fbe2]: FINISHED {"metadata":{"emulator":{"name":"functions"},"message":"[worker-~diagnostic~-ccbe4bc7-0aaa-4865-ba82-22321cc5fbe2]: FINISHED"}}
[debug] [2020-09-10T20:42:42.635Z] [runtime-status] [12468] Functions runtime initialized. {"cwd":"E:\\Projects\\react\\amazon-clone\\functions","node_version":"12.18.3"} {"metadata":{"emulator":{"name":"functions"},"message":"[runtime-status] [12468] Functions runtime initialized. {\"cwd\":\"E:\\\\Projects\\\\react\\\\amazon-clone\\\\functions\",\"node_version\":\"12.18.3\"}"}}
[debug] [2020-09-10T20:42:42.648Z] [runtime-status] [12468] Disabled runtime features: undefined {"metadata":{"emulator":{"name":"functions"},"message":"[runtime-status] [12468] Disabled runtime features: undefined"}}
[debug] [2020-09-10T20:42:42.659Z] [runtime-status] [12468] Resolved module firebase-admin {"declared":true,"installed":true,"version":"8.13.0","resolution":"E:\\Projects\\react\\amazon-clone\\functions\\node_modules\\firebase-admin\\lib\\index.js"} {"metadata":{"emulator":{"name":"functions"},"message":"[runtime-status] [12468] Resolved module firebase-admin {\"declared\":true,\"installed\":true,\"version\":\"8.13.0\",\"resolution\":\"E:\\\\Projects\\\\react\\\\amazon-clone\\\\functions\\\\node_modules\\\\firebase-admin\\\\lib\\\\index.js\"}"}}
[debug] [2020-09-10T20:42:42.674Z] [runtime-status] [12468] Resolved module firebase-functions {"declared":true,"installed":true,"version":"3.11.0","resolution":"E:\\Projects\\react\\amazon-clone\\functions\\node_modules\\firebase-functions\\lib\\index.js"} {"metadata":{"emulator":{"name":"functions"},"message":"[runtime-status] [12468] Resolved module firebase-functions {\"declared\":true,\"installed\":true,\"version\":\"3.11.0\",\"resolution\":\"E:\\\\Projects\\\\react\\\\amazon-clone\\\\functions\\\\node_modules\\\\firebase-functions\\\\lib\\\\index.js\"}"}}
[debug] [2020-09-10T20:42:42.677Z] [runtime-status] [12468] Resolved module firebase-functions {"declared":true,"installed":true,"version":"3.11.0","resolution":"E:\\Projects\\react\\amazon-clone\\functions\\node_modules\\firebase-functions\\lib\\index.js"} {"metadata":{"emulator":{"name":"functions"},"message":"[runtime-status] [12468] Resolved module firebase-functions {\"declared\":true,\"installed\":true,\"version\":\"3.11.0\",\"resolution\":\"E:\\\\Projects\\\\react\\\\amazon-clone\\\\functions\\\\node_modules\\\\firebase-functions\\\\lib\\\\index.js\"}"}}
[debug] [2020-09-10T20:42:42.683Z] [runtime-status] [12468] Outgoing network have been stubbed. [{"name":"http","status":"mocked"},{"name":"http","status":"mocked"},{"name":"https","status":"mocked"},{"name":"https","status":"mocked"},{"name":"net","status":"mocked"}] {"metadata":{"emulator":{"name":"functions"},"message":"[runtime-status] [12468] Outgoing network have been stubbed. [{\"name\":\"http\",\"status\":\"mocked\"},{\"name\":\"http\",\"status\":\"mocked\"},{\"name\":\"https\",\"status\":\"mocked\"},{\"name\":\"https\",\"status\":\"mocked\"},{\"name\":\"net\",\"status\":\"mocked\"}]"}}
[debug] [2020-09-10T20:42:42.686Z] [runtime-status] [12468] Resolved module firebase-functions {"declared":true,"installed":true,"version":"3.11.0","resolution":"E:\\Projects\\react\\amazon-clone\\functions\\node_modules\\firebase-functions\\lib\\index.js"} {"metadata":{"emulator":{"name":"functions"},"message":"[runtime-status] [12468] Resolved module firebase-functions {\"declared\":true,\"installed\":true,\"version\":\"3.11.0\",\"resolution\":\"E:\\\\Projects\\\\react\\\\amazon-clone\\\\functions\\\\node_modules\\\\firebase-functions\\\\lib\\\\index.js\"}"}}
[debug] [2020-09-10T20:42:42.845Z] [runtime-status] [12468] Checked functions.config() {"config":{}} {"metadata":{"emulator":{"name":"functions"},"message":"[runtime-status] [12468] Checked functions.config() {\"config\":{}}"}}
[debug] [2020-09-10T20:42:42.845Z] [runtime-status] [12468] firebase-functions has been stubbed. {"functionsResolution":{"declared":true,"installed":true,"version":"3.11.0","resolution":"E:\\Projects\\react\\amazon-clone\\functions\\node_modules\\firebase-functions\\lib\\index.js"}} {"metadata":{"emulator":{"name":"functions"},"message":"[runtime-status] [12468] firebase-functions has been stubbed. {\"functionsResolution\":{\"declared\":true,\"installed\":true,\"version\":\"3.11.0\",\"resolution\":\"E:\\\\Projects\\\\react\\\\amazon-clone\\\\functions\\\\node_modules\\\\firebase-functions\\\\lib\\\\index.js\"}}"}}
[debug] [2020-09-10T20:42:42.847Z] [runtime-status] [12468] Resolved module firebase-functions {"declared":true,"installed":true,"version":"3.11.0","resolution":"E:\\Projects\\react\\amazon-clone\\functions\\node_modules\\firebase-functions\\lib\\index.js"} {"metadata":{"emulator":{"name":"functions"},"message":"[runtime-status] [12468] Resolved module firebase-functions {\"declared\":true,\"installed\":true,\"version\":\"3.11.0\",\"resolution\":\"E:\\\\Projects\\\\react\\\\amazon-clone\\\\functions\\\\node_modules\\\\firebase-functions\\\\lib\\\\index.js\"}"}}
[debug] [2020-09-10T20:42:42.853Z] [runtime-status] [12468] Resolved module firebase-admin {"declared":true,"installed":true,"version":"8.13.0","resolution":"E:\\Projects\\react\\amazon-clone\\functions\\node_modules\\firebase-admin\\lib\\index.js"} {"metadata":{"emulator":{"name":"functions"},"message":"[runtime-status] [12468] Resolved module firebase-admin {\"declared\":true,\"installed\":true,\"version\":\"8.13.0\",\"resolution\":\"E:\\\\Projects\\\\react\\\\amazon-clone\\\\functions\\\\node_modules\\\\firebase-admin\\\\lib\\\\index.js\"}"}}
[debug] [2020-09-10T20:42:42.856Z] [runtime-status] [12468] Resolved module firebase-functions {"declared":true,"installed":true,"version":"3.11.0","resolution":"E:\\Projects\\react\\amazon-clone\\functions\\node_modules\\firebase-functions\\lib\\index.js"} {"metadata":{"emulator":{"name":"functions"},"message":"[runtime-status] [12468] Resolved module firebase-functions {\"declared\":true,\"installed\":true,\"version\":\"3.11.0\",\"resolution\":\"E:\\\\Projects\\\\react\\\\amazon-clone\\\\functions\\\\node_modules\\\\firebase-functions\\\\lib\\\\index.js\"}"}}
[debug] [2020-09-10T20:42:42.857Z] [runtime-status] [12468] firebase-admin has been stubbed. {"adminResolution":{"declared":true,"installed":true,"version":"8.13.0","resolution":"E:\\Projects\\react\\amazon-clone\\functions\\node_modules\\firebase-admin\\lib\\index.js"}} {"metadata":{"emulator":{"name":"functions"},"message":"[runtime-status] [12468] firebase-admin has been stubbed. {\"adminResolution\":{\"declared\":true,\"installed\":true,\"version\":\"8.13.0\",\"resolution\":\"E:\\\\Projects\\\\react\\\\amazon-clone\\\\functions\\\\node_modules\\\\firebase-admin\\\\lib\\\\index.js\"}}"}}
[warn] !  E:\Projects\react\amazon-clone\functions\index.js:25
        amount = total,  //subunits of the currency
        ^^^^^^^^^^^^^^

SyntaxError: Invalid shorthand property initializer
    at wrapSafe (internal/modules/cjs/loader.js:1053:16)
    at Module._compile (internal/modules/cjs/loader.js:1101:27)
    at Object.Module._extensions..js (internal/modules/cjs/loader.js:1157:10)
    at Module.load (internal/modules/cjs/loader.js:985:32)
    at Function.Module._load (internal/modules/cjs/loader.js:878:14)
    at Module.require (internal/modules/cjs/loader.js:1025:19)
    at require (internal/modules/cjs/helpers.js:72:18)
    at C:\Users\chand\AppData\Roaming\npm\node_modules\firebase-tools\lib\emulator\functionsEmulatorRuntime.js:681:33
    at Generator.next (<anonymous>)
    at fulfilled (C:\Users\chand\AppData\Roaming\npm\node_modules\firebase-tools\lib\emulator\functionsEmulatorRuntime.js:5:58) {"metadata":{"emulator":{"name":"functions"},"message":"E:\\Projects\\react\\amazon-clone\\functions\\index.js:25\n        amount = total,  //subunits of the currency\n        ^^^^^^^^^^^^^^\n\nSyntaxError: Invalid shorthand property initializer\n    at wrapSafe (internal/modules/cjs/loader.js:1053:16)\n    at Module._compile (internal/modules/cjs/loader.js:1101:27)\n    at Object.Module._extensions..js (internal/modules/cjs/loader.js:1157:10)\n    at Module.load (internal/modules/cjs/loader.js:985:32)\n    at Function.Module._load (internal/modules/cjs/loader.js:878:14)\n    at Module.require (internal/modules/cjs/loader.js:1025:19)\n    at require (internal/modules/cjs/helpers.js:72:18)\n    at C:\\Users\\chand\\AppData\\Roaming\\npm\\node_modules\\firebase-tools\\lib\\emulator\\functionsEmulatorRuntime.js:681:33\n    at Generator.next (<anonymous>)\n    at fulfilled (C:\\Users\\chand\\AppData\\Roaming\\npm\\node_modules\\firebase-tools\\lib\\emulator\\functionsEmulatorRuntime.js:5:58)"}}
[warn] !  We were unable to load your functions code. (see above) {"metadata":{"emulator":{"name":"functions"}}}
[debug] [2020-09-10T20:42:43.026Z] [worker-~diagnostic~-0ff0034d-014d-4ed5-94c7-e0abcf6fbea9]: exited {"metadata":{"emulator":{"name":"functions"},"message":"[worker-~diagnostic~-0ff0034d-014d-4ed5-94c7-e0abcf6fbea9]: exited"}}
[debug] [2020-09-10T20:42:43.026Z] [worker-~diagnostic~-0ff0034d-014d-4ed5-94c7-e0abcf6fbea9]: FINISHED {"metadata":{"emulator":{"name":"functions"},"message":"[worker-~diagnostic~-0ff0034d-014d-4ed5-94c7-e0abcf6fbea9]: FINISHED"}}
[debug] [2020-09-10T20:49:19.481Z] File E:\Projects\react\amazon-clone\functions\index.js changed, reloading triggers {"metadata":{"emulator":{"name":"functions"},"message":"File E:\\Projects\\react\\amazon-clone\\functions\\index.js changed, reloading triggers"}}
